The currently activated Python version 3.12.12 is not supported by the project (>=3.10,<3.12).
Trying to find and use a compatible version.
Using python3.10 (3.10.19)
============================= test session starts ==============================
platform linux -- Python 3.10.19, pytest-8.4.2, pluggy-1.6.0 -- /home/jules/.cache/pypoetry/virtualenvs/osiris-be-9TtSrW0h-py3.10/bin/python
cachedir: .pytest_cache
rootdir: /app
configfile: pyproject.toml
testpaths: tests
plugins: asyncio-0.23.8, anyio-4.12.1
asyncio: mode=strict
collecting ... collected 83 items / 56 errors

==================================== ERRORS ====================================
_________________________ ERROR collecting tests/smoke _________________________
/home/jules/.pyenv/versions/3.10.19/lib/python3.10/importlib/__init__.py:126: in import_module
    return _bootstrap._gcd_import(name[level:], package, level)
<frozen importlib._bootstrap>:1050: in _gcd_import
    ???
<frozen importlib._bootstrap>:1027: in _find_and_load
    ???
<frozen importlib._bootstrap>:1006: in _find_and_load_unlocked
    ???
<frozen importlib._bootstrap>:688: in _load_unlocked
    ???
/home/jules/.cache/pypoetry/virtualenvs/osiris-be-9TtSrW0h-py3.10/lib/python3.10/site-packages/_pytest/assertion/rewrite.py:186: in exec_module
    exec(co, module.__dict__)
tests/smoke/conftest.py:11: in <module>
    from osiris.core.db import get_session
src/osiris/core/db.py:27: in <module>
    engine = get_engine()
src/osiris/core/db.py:18: in get_engine
    engine = create_engine(
<string>:2: in create_engine
    ???
/home/jules/.cache/pypoetry/virtualenvs/osiris-be-9TtSrW0h-py3.10/lib/python3.10/site-packages/sqlalchemy/util/deprecations.py:281: in warned
    return fn(*args, **kwargs)  # type: ignore[no-any-return]
/home/jules/.cache/pypoetry/virtualenvs/osiris-be-9TtSrW0h-py3.10/lib/python3.10/site-packages/sqlalchemy/engine/create.py:617: in create_engine
    dbapi = dbapi_meth(**dbapi_args)
/home/jules/.cache/pypoetry/virtualenvs/osiris-be-9TtSrW0h-py3.10/lib/python3.10/site-packages/sqlalchemy/dialects/postgresql/psycopg.py:494: in import_dbapi
    import psycopg
/home/jules/.cache/pypoetry/virtualenvs/osiris-be-9TtSrW0h-py3.10/lib/python3.10/site-packages/psycopg/__init__.py:9: in <module>
    from . import pq  # noqa: F401 import early to stabilize side effects
/home/jules/.cache/pypoetry/virtualenvs/osiris-be-9TtSrW0h-py3.10/lib/python3.10/site-packages/psycopg/pq/__init__.py:114: in <module>
    import_from_libpq()
/home/jules/.cache/pypoetry/virtualenvs/osiris-be-9TtSrW0h-py3.10/lib/python3.10/site-packages/psycopg/pq/__init__.py:108: in import_from_libpq
    raise ImportError(f"""\
E   ImportError: no pq wrapper available.
E   Attempts made:
E   - couldn't import psycopg 'c' implementation: No module named 'psycopg_c'
E   - couldn't import psycopg 'binary' implementation: No module named 'psycopg_binary'
E   - couldn't import psycopg 'python' implementation: libpq library not found
___________________ ERROR collecting tests/test_atributo.py ____________________
ImportError while importing test module '/app/tests/test_atributo.py'.
Hint: make sure your test modules/packages have valid Python names.
Traceback:
/home/jules/.pyenv/versions/3.10.19/lib/python3.10/importlib/__init__.py:126: in import_module
    return _bootstrap._gcd_import(name[level:], package, level)
tests/test_atributo.py:5: in <module>
    from osiris.modules.inventario.atributo.repository import AtributoRepository
src/osiris/modules/inventario/atributo/repository.py:1: in <module>
    from osiris.domain.repository import BaseRepository
src/osiris/domain/repository.py:12: in <module>
    from osiris.core.db import SOFT_DELETE_INCLUDE_INACTIVE_OPTION
src/osiris/core/db.py:27: in <module>
    engine = get_engine()
src/osiris/core/db.py:18: in get_engine
    engine = create_engine(
/home/jules/.cache/pypoetry/virtualenvs/osiris-be-9TtSrW0h-py3.10/lib/python3.10/site-packages/sqlalchemy/util/deprecations.py:281: in warned
    return fn(*args, **kwargs)  # type: ignore[no-any-return]
/home/jules/.cache/pypoetry/virtualenvs/osiris-be-9TtSrW0h-py3.10/lib/python3.10/site-packages/sqlalchemy/engine/create.py:617: in create_engine
    dbapi = dbapi_meth(**dbapi_args)
/home/jules/.cache/pypoetry/virtualenvs/osiris-be-9TtSrW0h-py3.10/lib/python3.10/site-packages/sqlalchemy/dialects/postgresql/psycopg.py:494: in import_dbapi
    import psycopg
/home/jules/.cache/pypoetry/virtualenvs/osiris-be-9TtSrW0h-py3.10/lib/python3.10/site-packages/psycopg/__init__.py:9: in <module>
    from . import pq  # noqa: F401 import early to stabilize side effects
/home/jules/.cache/pypoetry/virtualenvs/osiris-be-9TtSrW0h-py3.10/lib/python3.10/site-packages/psycopg/pq/__init__.py:114: in <module>
    import_from_libpq()
/home/jules/.cache/pypoetry/virtualenvs/osiris-be-9TtSrW0h-py3.10/lib/python3.10/site-packages/psycopg/pq/__init__.py:108: in import_from_libpq
    raise ImportError(f"""\
E   ImportError: no pq wrapper available.
E   Attempts made:
E   - couldn't import psycopg 'c' implementation: No module named 'psycopg_c'
E   - couldn't import psycopg 'binary' implementation: No module named 'psycopg_binary'
E   - couldn't import psycopg 'python' implementation: libpq library not found
___________________ ERROR collecting tests/test_audit_log.py ___________________
ImportError while importing test module '/app/tests/test_audit_log.py'.
Hint: make sure your test modules/packages have valid Python names.
Traceback:
/home/jules/.pyenv/versions/3.10.19/lib/python3.10/importlib/__init__.py:126: in import_module
    return _bootstrap._gcd_import(name[level:], package, level)
tests/test_audit_log.py:11: in <module>
    from osiris.core.db import get_session
src/osiris/core/db.py:27: in <module>
    engine = get_engine()
src/osiris/core/db.py:18: in get_engine
    engine = create_engine(
/home/jules/.cache/pypoetry/virtualenvs/osiris-be-9TtSrW0h-py3.10/lib/python3.10/site-packages/sqlalchemy/util/deprecations.py:281: in warned
    return fn(*args, **kwargs)  # type: ignore[no-any-return]
/home/jules/.cache/pypoetry/virtualenvs/osiris-be-9TtSrW0h-py3.10/lib/python3.10/site-packages/sqlalchemy/engine/create.py:617: in create_engine
    dbapi = dbapi_meth(**dbapi_args)
/home/jules/.cache/pypoetry/virtualenvs/osiris-be-9TtSrW0h-py3.10/lib/python3.10/site-packages/sqlalchemy/dialects/postgresql/psycopg.py:494: in import_dbapi
    import psycopg
/home/jules/.cache/pypoetry/virtualenvs/osiris-be-9TtSrW0h-py3.10/lib/python3.10/site-packages/psycopg/__init__.py:9: in <module>
    from . import pq  # noqa: F401 import early to stabilize side effects
/home/jules/.cache/pypoetry/virtualenvs/osiris-be-9TtSrW0h-py3.10/lib/python3.10/site-packages/psycopg/pq/__init__.py:114: in <module>
    import_from_libpq()
/home/jules/.cache/pypoetry/virtualenvs/osiris-be-9TtSrW0h-py3.10/lib/python3.10/site-packages/psycopg/pq/__init__.py:108: in import_from_libpq
    raise ImportError(f"""\
E   ImportError: no pq wrapper available.
E   Attempts made:
E   - couldn't import psycopg 'c' implementation: No module named 'psycopg_c'
E   - couldn't import psycopg 'binary' implementation: No module named 'psycopg_binary'
E   - couldn't import psycopg 'python' implementation: libpq library not found
________________ ERROR collecting tests/test_auditoria_base.py _________________
ImportError while importing test module '/app/tests/test_auditoria_base.py'.
Hint: make sure your test modules/packages have valid Python names.
Traceback:
/home/jules/.pyenv/versions/3.10.19/lib/python3.10/importlib/__init__.py:126: in import_module
    return _bootstrap._gcd_import(name[level:], package, level)
tests/test_auditoria_base.py:13: in <module>
    from osiris.core.db import SOFT_DELETE_INCLUDE_INACTIVE_OPTION, get_session
src/osiris/core/db.py:27: in <module>
    engine = get_engine()
src/osiris/core/db.py:18: in get_engine
    engine = create_engine(
/home/jules/.cache/pypoetry/virtualenvs/osiris-be-9TtSrW0h-py3.10/lib/python3.10/site-packages/sqlalchemy/util/deprecations.py:281: in warned
    return fn(*args, **kwargs)  # type: ignore[no-any-return]
/home/jules/.cache/pypoetry/virtualenvs/osiris-be-9TtSrW0h-py3.10/lib/python3.10/site-packages/sqlalchemy/engine/create.py:617: in create_engine
    dbapi = dbapi_meth(**dbapi_args)
/home/jules/.cache/pypoetry/virtualenvs/osiris-be-9TtSrW0h-py3.10/lib/python3.10/site-packages/sqlalchemy/dialects/postgresql/psycopg.py:494: in import_dbapi
    import psycopg
/home/jules/.cache/pypoetry/virtualenvs/osiris-be-9TtSrW0h-py3.10/lib/python3.10/site-packages/psycopg/__init__.py:9: in <module>
    from . import pq  # noqa: F401 import early to stabilize side effects
/home/jules/.cache/pypoetry/virtualenvs/osiris-be-9TtSrW0h-py3.10/lib/python3.10/site-packages/psycopg/pq/__init__.py:114: in <module>
    import_from_libpq()
/home/jules/.cache/pypoetry/virtualenvs/osiris-be-9TtSrW0h-py3.10/lib/python3.10/site-packages/psycopg/pq/__init__.py:108: in import_from_libpq
    raise ImportError(f"""\
E   ImportError: no pq wrapper available.
E   Attempts made:
E   - couldn't import psycopg 'c' implementation: No module named 'psycopg_c'
E   - couldn't import psycopg 'binary' implementation: No module named 'psycopg_binary'
E   - couldn't import psycopg 'python' implementation: libpq library not found
________________ ERROR collecting tests/test_casa_comercial.py _________________
ImportError while importing test module '/app/tests/test_casa_comercial.py'.
Hint: make sure your test modules/packages have valid Python names.
Traceback:
/home/jules/.pyenv/versions/3.10.19/lib/python3.10/importlib/__init__.py:126: in import_module
    return _bootstrap._gcd_import(name[level:], package, level)
tests/test_casa_comercial.py:9: in <module>
    from osiris.modules.inventario.casa_comercial.repository import CasaComercialRepository
src/osiris/modules/inventario/casa_comercial/repository.py:1: in <module>
    from osiris.domain.repository import BaseRepository
src/osiris/domain/repository.py:12: in <module>
    from osiris.core.db import SOFT_DELETE_INCLUDE_INACTIVE_OPTION
src/osiris/core/db.py:27: in <module>
    engine = get_engine()
src/osiris/core/db.py:18: in get_engine
    engine = create_engine(
/home/jules/.cache/pypoetry/virtualenvs/osiris-be-9TtSrW0h-py3.10/lib/python3.10/site-packages/sqlalchemy/util/deprecations.py:281: in warned
    return fn(*args, **kwargs)  # type: ignore[no-any-return]
/home/jules/.cache/pypoetry/virtualenvs/osiris-be-9TtSrW0h-py3.10/lib/python3.10/site-packages/sqlalchemy/engine/create.py:617: in create_engine
    dbapi = dbapi_meth(**dbapi_args)
/home/jules/.cache/pypoetry/virtualenvs/osiris-be-9TtSrW0h-py3.10/lib/python3.10/site-packages/sqlalchemy/dialects/postgresql/psycopg.py:494: in import_dbapi
    import psycopg
/home/jules/.cache/pypoetry/virtualenvs/osiris-be-9TtSrW0h-py3.10/lib/python3.10/site-packages/psycopg/__init__.py:9: in <module>
    from . import pq  # noqa: F401 import early to stabilize side effects
/home/jules/.cache/pypoetry/virtualenvs/osiris-be-9TtSrW0h-py3.10/lib/python3.10/site-packages/psycopg/pq/__init__.py:114: in <module>
    import_from_libpq()
/home/jules/.cache/pypoetry/virtualenvs/osiris-be-9TtSrW0h-py3.10/lib/python3.10/site-packages/psycopg/pq/__init__.py:108: in import_from_libpq
    raise ImportError(f"""\
E   ImportError: no pq wrapper available.
E   Attempts made:
E   - couldn't import psycopg 'c' implementation: No module named 'psycopg_c'
E   - couldn't import psycopg 'binary' implementation: No module named 'psycopg_binary'
E   - couldn't import psycopg 'python' implementation: libpq library not found
___________________ ERROR collecting tests/test_categoria.py ___________________
ImportError while importing test module '/app/tests/test_categoria.py'.
Hint: make sure your test modules/packages have valid Python names.
Traceback:
/home/jules/.pyenv/versions/3.10.19/lib/python3.10/importlib/__init__.py:126: in import_module
    return _bootstrap._gcd_import(name[level:], package, level)
tests/test_categoria.py:7: in <module>
    from osiris.modules.inventario.categoria.service import CategoriaService
src/osiris/modules/inventario/categoria/service.py:11: in <module>
    from .repository import CategoriaRepository
src/osiris/modules/inventario/categoria/repository.py:3: in <module>
    from osiris.domain.repository import BaseRepository
src/osiris/domain/repository.py:12: in <module>
    from osiris.core.db import SOFT_DELETE_INCLUDE_INACTIVE_OPTION
src/osiris/core/db.py:27: in <module>
    engine = get_engine()
src/osiris/core/db.py:18: in get_engine
    engine = create_engine(
/home/jules/.cache/pypoetry/virtualenvs/osiris-be-9TtSrW0h-py3.10/lib/python3.10/site-packages/sqlalchemy/util/deprecations.py:281: in warned
    return fn(*args, **kwargs)  # type: ignore[no-any-return]
/home/jules/.cache/pypoetry/virtualenvs/osiris-be-9TtSrW0h-py3.10/lib/python3.10/site-packages/sqlalchemy/engine/create.py:617: in create_engine
    dbapi = dbapi_meth(**dbapi_args)
/home/jules/.cache/pypoetry/virtualenvs/osiris-be-9TtSrW0h-py3.10/lib/python3.10/site-packages/sqlalchemy/dialects/postgresql/psycopg.py:494: in import_dbapi
    import psycopg
/home/jules/.cache/pypoetry/virtualenvs/osiris-be-9TtSrW0h-py3.10/lib/python3.10/site-packages/psycopg/__init__.py:9: in <module>
    from . import pq  # noqa: F401 import early to stabilize side effects
/home/jules/.cache/pypoetry/virtualenvs/osiris-be-9TtSrW0h-py3.10/lib/python3.10/site-packages/psycopg/pq/__init__.py:114: in <module>
    import_from_libpq()
/home/jules/.cache/pypoetry/virtualenvs/osiris-be-9TtSrW0h-py3.10/lib/python3.10/site-packages/psycopg/pq/__init__.py:108: in import_from_libpq
    raise ImportError(f"""\
E   ImportError: no pq wrapper available.
E   Attempts made:
E   - couldn't import psycopg 'c' implementation: No module named 'psycopg_c'
E   - couldn't import psycopg 'binary' implementation: No module named 'psycopg_binary'
E   - couldn't import psycopg 'python' implementation: libpq library not found
_______________ ERROR collecting tests/test_categoria_service.py _______________
ImportError while importing test module '/app/tests/test_categoria_service.py'.
Hint: make sure your test modules/packages have valid Python names.
Traceback:
/home/jules/.pyenv/versions/3.10.19/lib/python3.10/importlib/__init__.py:126: in import_module
    return _bootstrap._gcd_import(name[level:], package, level)
tests/test_categoria_service.py:15: in <module>
    from osiris.modules.inventario.categoria.service import CategoriaService  # noqa: E402
src/osiris/modules/inventario/categoria/service.py:11: in <module>
    from .repository import CategoriaRepository
src/osiris/modules/inventario/categoria/repository.py:3: in <module>
    from osiris.domain.repository import BaseRepository
src/osiris/domain/repository.py:12: in <module>
    from osiris.core.db import SOFT_DELETE_INCLUDE_INACTIVE_OPTION
src/osiris/core/db.py:27: in <module>
    engine = get_engine()
src/osiris/core/db.py:18: in get_engine
    engine = create_engine(
/home/jules/.cache/pypoetry/virtualenvs/osiris-be-9TtSrW0h-py3.10/lib/python3.10/site-packages/sqlalchemy/util/deprecations.py:281: in warned
    return fn(*args, **kwargs)  # type: ignore[no-any-return]
/home/jules/.cache/pypoetry/virtualenvs/osiris-be-9TtSrW0h-py3.10/lib/python3.10/site-packages/sqlalchemy/engine/create.py:617: in create_engine
    dbapi = dbapi_meth(**dbapi_args)
/home/jules/.cache/pypoetry/virtualenvs/osiris-be-9TtSrW0h-py3.10/lib/python3.10/site-packages/sqlalchemy/dialects/postgresql/psycopg.py:494: in import_dbapi
    import psycopg
/home/jules/.cache/pypoetry/virtualenvs/osiris-be-9TtSrW0h-py3.10/lib/python3.10/site-packages/psycopg/__init__.py:9: in <module>
    from . import pq  # noqa: F401 import early to stabilize side effects
/home/jules/.cache/pypoetry/virtualenvs/osiris-be-9TtSrW0h-py3.10/lib/python3.10/site-packages/psycopg/pq/__init__.py:114: in <module>
    import_from_libpq()
/home/jules/.cache/pypoetry/virtualenvs/osiris-be-9TtSrW0h-py3.10/lib/python3.10/site-packages/psycopg/pq/__init__.py:108: in import_from_libpq
    raise ImportError(f"""\
E   ImportError: no pq wrapper available.
E   Attempts made:
E   - couldn't import psycopg 'c' implementation: No module named 'psycopg_c'
E   - couldn't import psycopg 'binary' implementation: No module named 'psycopg_binary'
E   - couldn't import psycopg 'python' implementation: libpq library not found
____________________ ERROR collecting tests/test_cliente.py ____________________
ImportError while importing test module '/app/tests/test_cliente.py'.
Hint: make sure your test modules/packages have valid Python names.
Traceback:
/home/jules/.pyenv/versions/3.10.19/lib/python3.10/importlib/__init__.py:126: in import_module
    return _bootstrap._gcd_import(name[level:], package, level)
tests/test_cliente.py:10: in <module>
    from osiris.modules.common.cliente.service import ClienteService
src/osiris/modules/common/cliente/service.py:9: in <module>
    from .repository import ClienteRepository
src/osiris/modules/common/cliente/repository.py:4: in <module>
    from osiris.domain.repository import BaseRepository
src/osiris/domain/repository.py:12: in <module>
    from osiris.core.db import SOFT_DELETE_INCLUDE_INACTIVE_OPTION
src/osiris/core/db.py:27: in <module>
    engine = get_engine()
src/osiris/core/db.py:18: in get_engine
    engine = create_engine(
/home/jules/.cache/pypoetry/virtualenvs/osiris-be-9TtSrW0h-py3.10/lib/python3.10/site-packages/sqlalchemy/util/deprecations.py:281: in warned
    return fn(*args, **kwargs)  # type: ignore[no-any-return]
/home/jules/.cache/pypoetry/virtualenvs/osiris-be-9TtSrW0h-py3.10/lib/python3.10/site-packages/sqlalchemy/engine/create.py:617: in create_engine
    dbapi = dbapi_meth(**dbapi_args)
/home/jules/.cache/pypoetry/virtualenvs/osiris-be-9TtSrW0h-py3.10/lib/python3.10/site-packages/sqlalchemy/dialects/postgresql/psycopg.py:494: in import_dbapi
    import psycopg
/home/jules/.cache/pypoetry/virtualenvs/osiris-be-9TtSrW0h-py3.10/lib/python3.10/site-packages/psycopg/__init__.py:9: in <module>
    from . import pq  # noqa: F401 import early to stabilize side effects
/home/jules/.cache/pypoetry/virtualenvs/osiris-be-9TtSrW0h-py3.10/lib/python3.10/site-packages/psycopg/pq/__init__.py:114: in <module>
    import_from_libpq()
/home/jules/.cache/pypoetry/virtualenvs/osiris-be-9TtSrW0h-py3.10/lib/python3.10/site-packages/psycopg/pq/__init__.py:108: in import_from_libpq
    raise ImportError(f"""\
E   ImportError: no pq wrapper available.
E   Attempts made:
E   - couldn't import psycopg 'c' implementation: No module named 'psycopg_c'
E   - couldn't import psycopg 'binary' implementation: No module named 'psycopg_binary'
E   - couldn't import psycopg 'python' implementation: libpq library not found
_________________ ERROR collecting tests/test_detect_cycle.py __________________
ImportError while importing test module '/app/tests/test_detect_cycle.py'.
Hint: make sure your test modules/packages have valid Python names.
Traceback:
/home/jules/.pyenv/versions/3.10.19/lib/python3.10/importlib/__init__.py:126: in import_module
    return _bootstrap._gcd_import(name[level:], package, level)
tests/test_detect_cycle.py:5: in <module>
    from osiris.modules.inventario.categoria.service import CategoriaService
src/osiris/modules/inventario/categoria/service.py:11: in <module>
    from .repository import CategoriaRepository
src/osiris/modules/inventario/categoria/repository.py:3: in <module>
    from osiris.domain.repository import BaseRepository
src/osiris/domain/repository.py:12: in <module>
    from osiris.core.db import SOFT_DELETE_INCLUDE_INACTIVE_OPTION
src/osiris/core/db.py:27: in <module>
    engine = get_engine()
src/osiris/core/db.py:18: in get_engine
    engine = create_engine(
/home/jules/.cache/pypoetry/virtualenvs/osiris-be-9TtSrW0h-py3.10/lib/python3.10/site-packages/sqlalchemy/util/deprecations.py:281: in warned
    return fn(*args, **kwargs)  # type: ignore[no-any-return]
/home/jules/.cache/pypoetry/virtualenvs/osiris-be-9TtSrW0h-py3.10/lib/python3.10/site-packages/sqlalchemy/engine/create.py:617: in create_engine
    dbapi = dbapi_meth(**dbapi_args)
/home/jules/.cache/pypoetry/virtualenvs/osiris-be-9TtSrW0h-py3.10/lib/python3.10/site-packages/sqlalchemy/dialects/postgresql/psycopg.py:494: in import_dbapi
    import psycopg
/home/jules/.cache/pypoetry/virtualenvs/osiris-be-9TtSrW0h-py3.10/lib/python3.10/site-packages/psycopg/__init__.py:9: in <module>
    from . import pq  # noqa: F401 import early to stabilize side effects
/home/jules/.cache/pypoetry/virtualenvs/osiris-be-9TtSrW0h-py3.10/lib/python3.10/site-packages/psycopg/pq/__init__.py:114: in <module>
    import_from_libpq()
/home/jules/.cache/pypoetry/virtualenvs/osiris-be-9TtSrW0h-py3.10/lib/python3.10/site-packages/psycopg/pq/__init__.py:108: in import_from_libpq
    raise ImportError(f"""\
E   ImportError: no pq wrapper available.
E   Attempts made:
E   - couldn't import psycopg 'c' implementation: No module named 'psycopg_c'
E   - couldn't import psycopg 'binary' implementation: No module named 'psycopg_binary'
E   - couldn't import psycopg 'python' implementation: libpq library not found
____________ ERROR collecting tests/test_documento_descarga_api.py _____________
ImportError while importing test module '/app/tests/test_documento_descarga_api.py'.
Hint: make sure your test modules/packages have valid Python names.
Traceback:
/home/jules/.pyenv/versions/3.10.19/lib/python3.10/importlib/__init__.py:126: in import_module
    return _bootstrap._gcd_import(name[level:], package, level)
tests/test_documento_descarga_api.py:11: in <module>
    from osiris.core.db import get_session
src/osiris/core/db.py:27: in <module>
    engine = get_engine()
src/osiris/core/db.py:18: in get_engine
    engine = create_engine(
/home/jules/.cache/pypoetry/virtualenvs/osiris-be-9TtSrW0h-py3.10/lib/python3.10/site-packages/sqlalchemy/util/deprecations.py:281: in warned
    return fn(*args, **kwargs)  # type: ignore[no-any-return]
/home/jules/.cache/pypoetry/virtualenvs/osiris-be-9TtSrW0h-py3.10/lib/python3.10/site-packages/sqlalchemy/engine/create.py:617: in create_engine
    dbapi = dbapi_meth(**dbapi_args)
/home/jules/.cache/pypoetry/virtualenvs/osiris-be-9TtSrW0h-py3.10/lib/python3.10/site-packages/sqlalchemy/dialects/postgresql/psycopg.py:494: in import_dbapi
    import psycopg
/home/jules/.cache/pypoetry/virtualenvs/osiris-be-9TtSrW0h-py3.10/lib/python3.10/site-packages/psycopg/__init__.py:9: in <module>
    from . import pq  # noqa: F401 import early to stabilize side effects
/home/jules/.cache/pypoetry/virtualenvs/osiris-be-9TtSrW0h-py3.10/lib/python3.10/site-packages/psycopg/pq/__init__.py:114: in <module>
    import_from_libpq()
/home/jules/.cache/pypoetry/virtualenvs/osiris-be-9TtSrW0h-py3.10/lib/python3.10/site-packages/psycopg/pq/__init__.py:108: in import_from_libpq
    raise ImportError(f"""\
E   ImportError: no pq wrapper available.
E   Attempts made:
E   - couldn't import psycopg 'c' implementation: No module named 'psycopg_c'
E   - couldn't import psycopg 'binary' implementation: No module named 'psycopg_binary'
E   - couldn't import psycopg 'python' implementation: libpq library not found
___________________ ERROR collecting tests/test_empleado.py ____________________
ImportError while importing test module '/app/tests/test_empleado.py'.
Hint: make sure your test modules/packages have valid Python names.
Traceback:
/home/jules/.pyenv/versions/3.10.19/lib/python3.10/importlib/__init__.py:126: in import_module
    return _bootstrap._gcd_import(name[level:], package, level)
tests/test_empleado.py:12: in <module>
    from osiris.modules.common.empleado.service import EmpleadoService
src/osiris/modules/common/empleado/service.py:10: in <module>
    from .repository import EmpleadoRepository
src/osiris/modules/common/empleado/repository.py:4: in <module>
    from osiris.domain.repository import BaseRepository
src/osiris/domain/repository.py:12: in <module>
    from osiris.core.db import SOFT_DELETE_INCLUDE_INACTIVE_OPTION
src/osiris/core/db.py:27: in <module>
    engine = get_engine()
src/osiris/core/db.py:18: in get_engine
    engine = create_engine(
/home/jules/.cache/pypoetry/virtualenvs/osiris-be-9TtSrW0h-py3.10/lib/python3.10/site-packages/sqlalchemy/util/deprecations.py:281: in warned
    return fn(*args, **kwargs)  # type: ignore[no-any-return]
/home/jules/.cache/pypoetry/virtualenvs/osiris-be-9TtSrW0h-py3.10/lib/python3.10/site-packages/sqlalchemy/engine/create.py:617: in create_engine
    dbapi = dbapi_meth(**dbapi_args)
/home/jules/.cache/pypoetry/virtualenvs/osiris-be-9TtSrW0h-py3.10/lib/python3.10/site-packages/sqlalchemy/dialects/postgresql/psycopg.py:494: in import_dbapi
    import psycopg
/home/jules/.cache/pypoetry/virtualenvs/osiris-be-9TtSrW0h-py3.10/lib/python3.10/site-packages/psycopg/__init__.py:9: in <module>
    from . import pq  # noqa: F401 import early to stabilize side effects
/home/jules/.cache/pypoetry/virtualenvs/osiris-be-9TtSrW0h-py3.10/lib/python3.10/site-packages/psycopg/pq/__init__.py:114: in <module>
    import_from_libpq()
/home/jules/.cache/pypoetry/virtualenvs/osiris-be-9TtSrW0h-py3.10/lib/python3.10/site-packages/psycopg/pq/__init__.py:108: in import_from_libpq
    raise ImportError(f"""\
E   ImportError: no pq wrapper available.
E   Attempts made:
E   - couldn't import psycopg 'c' implementation: No module named 'psycopg_c'
E   - couldn't import psycopg 'binary' implementation: No module named 'psycopg_binary'
E   - couldn't import psycopg 'python' implementation: libpq library not found
____________________ ERROR collecting tests/test_empresa.py ____________________
ImportError while importing test module '/app/tests/test_empresa.py'.
Hint: make sure your test modules/packages have valid Python names.
Traceback:
/home/jules/.pyenv/versions/3.10.19/lib/python3.10/importlib/__init__.py:126: in import_module
    return _bootstrap._gcd_import(name[level:], package, level)
tests/test_empresa.py:23: in <module>
    from osiris.modules.common.empresa.repository import EmpresaRepository
src/osiris/modules/common/empresa/repository.py:10: in <module>
    from osiris.domain.repository import BaseRepository
src/osiris/domain/repository.py:12: in <module>
    from osiris.core.db import SOFT_DELETE_INCLUDE_INACTIVE_OPTION
src/osiris/core/db.py:27: in <module>
    engine = get_engine()
src/osiris/core/db.py:18: in get_engine
    engine = create_engine(
/home/jules/.cache/pypoetry/virtualenvs/osiris-be-9TtSrW0h-py3.10/lib/python3.10/site-packages/sqlalchemy/util/deprecations.py:281: in warned
    return fn(*args, **kwargs)  # type: ignore[no-any-return]
/home/jules/.cache/pypoetry/virtualenvs/osiris-be-9TtSrW0h-py3.10/lib/python3.10/site-packages/sqlalchemy/engine/create.py:617: in create_engine
    dbapi = dbapi_meth(**dbapi_args)
/home/jules/.cache/pypoetry/virtualenvs/osiris-be-9TtSrW0h-py3.10/lib/python3.10/site-packages/sqlalchemy/dialects/postgresql/psycopg.py:494: in import_dbapi
    import psycopg
/home/jules/.cache/pypoetry/virtualenvs/osiris-be-9TtSrW0h-py3.10/lib/python3.10/site-packages/psycopg/__init__.py:9: in <module>
    from . import pq  # noqa: F401 import early to stabilize side effects
/home/jules/.cache/pypoetry/virtualenvs/osiris-be-9TtSrW0h-py3.10/lib/python3.10/site-packages/psycopg/pq/__init__.py:114: in <module>
    import_from_libpq()
/home/jules/.cache/pypoetry/virtualenvs/osiris-be-9TtSrW0h-py3.10/lib/python3.10/site-packages/psycopg/pq/__init__.py:108: in import_from_libpq
    raise ImportError(f"""\
E   ImportError: no pq wrapper available.
E   Attempts made:
E   - couldn't import psycopg 'c' implementation: No module named 'psycopg_c'
E   - couldn't import psycopg 'binary' implementation: No module named 'psycopg_binary'
E   - couldn't import psycopg 'python' implementation: libpq library not found
______ ERROR collecting tests/test_facturacion_inventario_orquestacion.py ______
ImportError while importing test module '/app/tests/test_facturacion_inventario_orquestacion.py'.
Hint: make sure your test modules/packages have valid Python names.
Traceback:
/home/jules/.pyenv/versions/3.10.19/lib/python3.10/importlib/__init__.py:126: in import_module
    return _bootstrap._gcd_import(name[level:], package, level)
tests/test_facturacion_inventario_orquestacion.py:20: in <module>
    from osiris.modules.ventas.services.venta_service import VentaService
src/osiris/modules/ventas/services/venta_service.py:13: in <module>
    from osiris.modules.common.punto_emision.service import PuntoEmisionService
src/osiris/modules/common/punto_emision/service.py:13: in <module>
    from .repository import PuntoEmisionRepository
src/osiris/modules/common/punto_emision/repository.py:6: in <module>
    from osiris.domain.repository import BaseRepository
src/osiris/domain/repository.py:12: in <module>
    from osiris.core.db import SOFT_DELETE_INCLUDE_INACTIVE_OPTION
src/osiris/core/db.py:27: in <module>
    engine = get_engine()
src/osiris/core/db.py:18: in get_engine
    engine = create_engine(
/home/jules/.cache/pypoetry/virtualenvs/osiris-be-9TtSrW0h-py3.10/lib/python3.10/site-packages/sqlalchemy/util/deprecations.py:281: in warned
    return fn(*args, **kwargs)  # type: ignore[no-any-return]
/home/jules/.cache/pypoetry/virtualenvs/osiris-be-9TtSrW0h-py3.10/lib/python3.10/site-packages/sqlalchemy/engine/create.py:617: in create_engine
    dbapi = dbapi_meth(**dbapi_args)
/home/jules/.cache/pypoetry/virtualenvs/osiris-be-9TtSrW0h-py3.10/lib/python3.10/site-packages/sqlalchemy/dialects/postgresql/psycopg.py:494: in import_dbapi
    import psycopg
/home/jules/.cache/pypoetry/virtualenvs/osiris-be-9TtSrW0h-py3.10/lib/python3.10/site-packages/psycopg/__init__.py:9: in <module>
    from . import pq  # noqa: F401 import early to stabilize side effects
/home/jules/.cache/pypoetry/virtualenvs/osiris-be-9TtSrW0h-py3.10/lib/python3.10/site-packages/psycopg/pq/__init__.py:114: in <module>
    import_from_libpq()
/home/jules/.cache/pypoetry/virtualenvs/osiris-be-9TtSrW0h-py3.10/lib/python3.10/site-packages/psycopg/pq/__init__.py:108: in import_from_libpq
    raise ImportError(f"""\
E   ImportError: no pq wrapper available.
E   Attempts made:
E   - couldn't import psycopg 'c' implementation: No module named 'psycopg_c'
E   - couldn't import psycopg 'binary' implementation: No module named 'psycopg_binary'
E   - couldn't import psycopg 'python' implementation: libpq library not found
______________ ERROR collecting tests/test_facturacion_router.py _______________
ImportError while importing test module '/app/tests/test_facturacion_router.py'.
Hint: make sure your test modules/packages have valid Python names.
Traceback:
/home/jules/.pyenv/versions/3.10.19/lib/python3.10/importlib/__init__.py:126: in import_module
    return _bootstrap._gcd_import(name[level:], package, level)
tests/test_facturacion_router.py:5: in <module>
    from osiris.main import app
src/osiris/main.py:12: in <module>
    from osiris.core.db import engine
src/osiris/core/db.py:27: in <module>
    engine = get_engine()
src/osiris/core/db.py:18: in get_engine
    engine = create_engine(
/home/jules/.cache/pypoetry/virtualenvs/osiris-be-9TtSrW0h-py3.10/lib/python3.10/site-packages/sqlalchemy/util/deprecations.py:281: in warned
    return fn(*args, **kwargs)  # type: ignore[no-any-return]
/home/jules/.cache/pypoetry/virtualenvs/osiris-be-9TtSrW0h-py3.10/lib/python3.10/site-packages/sqlalchemy/engine/create.py:617: in create_engine
    dbapi = dbapi_meth(**dbapi_args)
/home/jules/.cache/pypoetry/virtualenvs/osiris-be-9TtSrW0h-py3.10/lib/python3.10/site-packages/sqlalchemy/dialects/postgresql/psycopg.py:494: in import_dbapi
    import psycopg
/home/jules/.cache/pypoetry/virtualenvs/osiris-be-9TtSrW0h-py3.10/lib/python3.10/site-packages/psycopg/__init__.py:9: in <module>
    from . import pq  # noqa: F401 import early to stabilize side effects
/home/jules/.cache/pypoetry/virtualenvs/osiris-be-9TtSrW0h-py3.10/lib/python3.10/site-packages/psycopg/pq/__init__.py:114: in <module>
    import_from_libpq()
/home/jules/.cache/pypoetry/virtualenvs/osiris-be-9TtSrW0h-py3.10/lib/python3.10/site-packages/psycopg/pq/__init__.py:108: in import_from_libpq
    raise ImportError(f"""\
E   ImportError: no pq wrapper available.
E   Attempts made:
E   - couldn't import psycopg 'c' implementation: No module named 'psycopg_c'
E   - couldn't import psycopg 'binary' implementation: No module named 'psycopg_binary'
E   - couldn't import psycopg 'python' implementation: libpq library not found
___________ ERROR collecting tests/test_impresion_preimpresa_api.py ____________
ImportError while importing test module '/app/tests/test_impresion_preimpresa_api.py'.
Hint: make sure your test modules/packages have valid Python names.
Traceback:
/home/jules/.pyenv/versions/3.10.19/lib/python3.10/importlib/__init__.py:126: in import_module
    return _bootstrap._gcd_import(name[level:], package, level)
tests/test_impresion_preimpresa_api.py:10: in <module>
    from osiris.core.db import get_session
src/osiris/core/db.py:27: in <module>
    engine = get_engine()
src/osiris/core/db.py:18: in get_engine
    engine = create_engine(
/home/jules/.cache/pypoetry/virtualenvs/osiris-be-9TtSrW0h-py3.10/lib/python3.10/site-packages/sqlalchemy/util/deprecations.py:281: in warned
    return fn(*args, **kwargs)  # type: ignore[no-any-return]
/home/jules/.cache/pypoetry/virtualenvs/osiris-be-9TtSrW0h-py3.10/lib/python3.10/site-packages/sqlalchemy/engine/create.py:617: in create_engine
    dbapi = dbapi_meth(**dbapi_args)
/home/jules/.cache/pypoetry/virtualenvs/osiris-be-9TtSrW0h-py3.10/lib/python3.10/site-packages/sqlalchemy/dialects/postgresql/psycopg.py:494: in import_dbapi
    import psycopg
/home/jules/.cache/pypoetry/virtualenvs/osiris-be-9TtSrW0h-py3.10/lib/python3.10/site-packages/psycopg/__init__.py:9: in <module>
    from . import pq  # noqa: F401 import early to stabilize side effects
/home/jules/.cache/pypoetry/virtualenvs/osiris-be-9TtSrW0h-py3.10/lib/python3.10/site-packages/psycopg/pq/__init__.py:114: in <module>
    import_from_libpq()
/home/jules/.cache/pypoetry/virtualenvs/osiris-be-9TtSrW0h-py3.10/lib/python3.10/site-packages/psycopg/pq/__init__.py:108: in import_from_libpq
    raise ImportError(f"""\
E   ImportError: no pq wrapper available.
E   Attempts made:
E   - couldn't import psycopg 'c' implementation: No module named 'psycopg_c'
E   - couldn't import psycopg 'binary' implementation: No module named 'psycopg_binary'
E   - couldn't import psycopg 'python' implementation: libpq library not found
___________ ERROR collecting tests/test_impresion_reimpresion_api.py ___________
ImportError while importing test module '/app/tests/test_impresion_reimpresion_api.py'.
Hint: make sure your test modules/packages have valid Python names.
Traceback:
/home/jules/.pyenv/versions/3.10.19/lib/python3.10/importlib/__init__.py:126: in import_module
    return _bootstrap._gcd_import(name[level:], package, level)
tests/test_impresion_reimpresion_api.py:10: in <module>
    from osiris.core.db import get_session
src/osiris/core/db.py:27: in <module>
    engine = get_engine()
src/osiris/core/db.py:18: in get_engine
    engine = create_engine(
/home/jules/.cache/pypoetry/virtualenvs/osiris-be-9TtSrW0h-py3.10/lib/python3.10/site-packages/sqlalchemy/util/deprecations.py:281: in warned
    return fn(*args, **kwargs)  # type: ignore[no-any-return]
/home/jules/.cache/pypoetry/virtualenvs/osiris-be-9TtSrW0h-py3.10/lib/python3.10/site-packages/sqlalchemy/engine/create.py:617: in create_engine
    dbapi = dbapi_meth(**dbapi_args)
/home/jules/.cache/pypoetry/virtualenvs/osiris-be-9TtSrW0h-py3.10/lib/python3.10/site-packages/sqlalchemy/dialects/postgresql/psycopg.py:494: in import_dbapi
    import psycopg
/home/jules/.cache/pypoetry/virtualenvs/osiris-be-9TtSrW0h-py3.10/lib/python3.10/site-packages/psycopg/__init__.py:9: in <module>
    from . import pq  # noqa: F401 import early to stabilize side effects
/home/jules/.cache/pypoetry/virtualenvs/osiris-be-9TtSrW0h-py3.10/lib/python3.10/site-packages/psycopg/pq/__init__.py:114: in <module>
    import_from_libpq()
/home/jules/.cache/pypoetry/virtualenvs/osiris-be-9TtSrW0h-py3.10/lib/python3.10/site-packages/psycopg/pq/__init__.py:108: in import_from_libpq
    raise ImportError(f"""\
E   ImportError: no pq wrapper available.
E   Attempts made:
E   - couldn't import psycopg 'c' implementation: No module named 'psycopg_c'
E   - couldn't import psycopg 'binary' implementation: No module named 'psycopg_binary'
E   - couldn't import psycopg 'python' implementation: libpq library not found
_____________ ERROR collecting tests/test_impresion_ride_a4_api.py _____________
ImportError while importing test module '/app/tests/test_impresion_ride_a4_api.py'.
Hint: make sure your test modules/packages have valid Python names.
Traceback:
/home/jules/.pyenv/versions/3.10.19/lib/python3.10/importlib/__init__.py:126: in import_module
    return _bootstrap._gcd_import(name[level:], package, level)
tests/test_impresion_ride_a4_api.py:10: in <module>
    from osiris.core.db import get_session
src/osiris/core/db.py:27: in <module>
    engine = get_engine()
src/osiris/core/db.py:18: in get_engine
    engine = create_engine(
/home/jules/.cache/pypoetry/virtualenvs/osiris-be-9TtSrW0h-py3.10/lib/python3.10/site-packages/sqlalchemy/util/deprecations.py:281: in warned
    return fn(*args, **kwargs)  # type: ignore[no-any-return]
/home/jules/.cache/pypoetry/virtualenvs/osiris-be-9TtSrW0h-py3.10/lib/python3.10/site-packages/sqlalchemy/engine/create.py:617: in create_engine
    dbapi = dbapi_meth(**dbapi_args)
/home/jules/.cache/pypoetry/virtualenvs/osiris-be-9TtSrW0h-py3.10/lib/python3.10/site-packages/sqlalchemy/dialects/postgresql/psycopg.py:494: in import_dbapi
    import psycopg
/home/jules/.cache/pypoetry/virtualenvs/osiris-be-9TtSrW0h-py3.10/lib/python3.10/site-packages/psycopg/__init__.py:9: in <module>
    from . import pq  # noqa: F401 import early to stabilize side effects
/home/jules/.cache/pypoetry/virtualenvs/osiris-be-9TtSrW0h-py3.10/lib/python3.10/site-packages/psycopg/pq/__init__.py:114: in <module>
    import_from_libpq()
/home/jules/.cache/pypoetry/virtualenvs/osiris-be-9TtSrW0h-py3.10/lib/python3.10/site-packages/psycopg/pq/__init__.py:108: in import_from_libpq
    raise ImportError(f"""\
E   ImportError: no pq wrapper available.
E   Attempts made:
E   - couldn't import psycopg 'c' implementation: No module named 'psycopg_c'
E   - couldn't import psycopg 'binary' implementation: No module named 'psycopg_binary'
E   - couldn't import psycopg 'python' implementation: libpq library not found
_________ ERROR collecting tests/test_impresion_ticket_termico_api.py __________
ImportError while importing test module '/app/tests/test_impresion_ticket_termico_api.py'.
Hint: make sure your test modules/packages have valid Python names.
Traceback:
/home/jules/.pyenv/versions/3.10.19/lib/python3.10/importlib/__init__.py:126: in import_module
    return _bootstrap._gcd_import(name[level:], package, level)
tests/test_impresion_ticket_termico_api.py:10: in <module>
    from osiris.core.db import get_session
src/osiris/core/db.py:27: in <module>
    engine = get_engine()
src/osiris/core/db.py:18: in get_engine
    engine = create_engine(
/home/jules/.cache/pypoetry/virtualenvs/osiris-be-9TtSrW0h-py3.10/lib/python3.10/site-packages/sqlalchemy/util/deprecations.py:281: in warned
    return fn(*args, **kwargs)  # type: ignore[no-any-return]
/home/jules/.cache/pypoetry/virtualenvs/osiris-be-9TtSrW0h-py3.10/lib/python3.10/site-packages/sqlalchemy/engine/create.py:617: in create_engine
    dbapi = dbapi_meth(**dbapi_args)
/home/jules/.cache/pypoetry/virtualenvs/osiris-be-9TtSrW0h-py3.10/lib/python3.10/site-packages/sqlalchemy/dialects/postgresql/psycopg.py:494: in import_dbapi
    import psycopg
/home/jules/.cache/pypoetry/virtualenvs/osiris-be-9TtSrW0h-py3.10/lib/python3.10/site-packages/psycopg/__init__.py:9: in <module>
    from . import pq  # noqa: F401 import early to stabilize side effects
/home/jules/.cache/pypoetry/virtualenvs/osiris-be-9TtSrW0h-py3.10/lib/python3.10/site-packages/psycopg/pq/__init__.py:114: in <module>
    import_from_libpq()
/home/jules/.cache/pypoetry/virtualenvs/osiris-be-9TtSrW0h-py3.10/lib/python3.10/site-packages/psycopg/pq/__init__.py:108: in import_from_libpq
    raise ImportError(f"""\
E   ImportError: no pq wrapper available.
E   Attempts made:
E   - couldn't import psycopg 'c' implementation: No module named 'psycopg_c'
E   - couldn't import psycopg 'binary' implementation: No module named 'psycopg_binary'
E   - couldn't import psycopg 'python' implementation: libpq library not found
_______________ ERROR collecting tests/test_impuesto_catalogo.py _______________
ImportError while importing test module '/app/tests/test_impuesto_catalogo.py'.
Hint: make sure your test modules/packages have valid Python names.
Traceback:
/home/jules/.pyenv/versions/3.10.19/lib/python3.10/importlib/__init__.py:126: in import_module
    return _bootstrap._gcd_import(name[level:], package, level)
tests/test_impuesto_catalogo.py:17: in <module>
    from osiris.modules.sri.impuesto_catalogo.repository import ImpuestoCatalogoRepository
src/osiris/modules/sri/impuesto_catalogo/repository.py:9: in <module>
    from osiris.domain.repository import BaseRepository
src/osiris/domain/repository.py:12: in <module>
    from osiris.core.db import SOFT_DELETE_INCLUDE_INACTIVE_OPTION
src/osiris/core/db.py:27: in <module>
    engine = get_engine()
src/osiris/core/db.py:18: in get_engine
    engine = create_engine(
/home/jules/.cache/pypoetry/virtualenvs/osiris-be-9TtSrW0h-py3.10/lib/python3.10/site-packages/sqlalchemy/util/deprecations.py:281: in warned
    return fn(*args, **kwargs)  # type: ignore[no-any-return]
/home/jules/.cache/pypoetry/virtualenvs/osiris-be-9TtSrW0h-py3.10/lib/python3.10/site-packages/sqlalchemy/engine/create.py:617: in create_engine
    dbapi = dbapi_meth(**dbapi_args)
/home/jules/.cache/pypoetry/virtualenvs/osiris-be-9TtSrW0h-py3.10/lib/python3.10/site-packages/sqlalchemy/dialects/postgresql/psycopg.py:494: in import_dbapi
    import psycopg
/home/jules/.cache/pypoetry/virtualenvs/osiris-be-9TtSrW0h-py3.10/lib/python3.10/site-packages/psycopg/__init__.py:9: in <module>
    from . import pq  # noqa: F401 import early to stabilize side effects
/home/jules/.cache/pypoetry/virtualenvs/osiris-be-9TtSrW0h-py3.10/lib/python3.10/site-packages/psycopg/pq/__init__.py:114: in <module>
    import_from_libpq()
/home/jules/.cache/pypoetry/virtualenvs/osiris-be-9TtSrW0h-py3.10/lib/python3.10/site-packages/psycopg/pq/__init__.py:108: in import_from_libpq
    raise ImportError(f"""\
E   ImportError: no pq wrapper available.
E   Attempts made:
E   - couldn't import psycopg 'c' implementation: No module named 'psycopg_c'
E   - couldn't import psycopg 'binary' implementation: No module named 'psycopg_binary'
E   - couldn't import psycopg 'python' implementation: libpq library not found
_____________ ERROR collecting tests/test_inventario_ajuste_api.py _____________
ImportError while importing test module '/app/tests/test_inventario_ajuste_api.py'.
Hint: make sure your test modules/packages have valid Python names.
Traceback:
/home/jules/.pyenv/versions/3.10.19/lib/python3.10/importlib/__init__.py:126: in import_module
    return _bootstrap._gcd_import(name[level:], package, level)
tests/test_inventario_ajuste_api.py:9: in <module>
    from osiris.core.db import get_session
src/osiris/core/db.py:27: in <module>
    engine = get_engine()
src/osiris/core/db.py:18: in get_engine
    engine = create_engine(
/home/jules/.cache/pypoetry/virtualenvs/osiris-be-9TtSrW0h-py3.10/lib/python3.10/site-packages/sqlalchemy/util/deprecations.py:281: in warned
    return fn(*args, **kwargs)  # type: ignore[no-any-return]
/home/jules/.cache/pypoetry/virtualenvs/osiris-be-9TtSrW0h-py3.10/lib/python3.10/site-packages/sqlalchemy/engine/create.py:617: in create_engine
    dbapi = dbapi_meth(**dbapi_args)
/home/jules/.cache/pypoetry/virtualenvs/osiris-be-9TtSrW0h-py3.10/lib/python3.10/site-packages/sqlalchemy/dialects/postgresql/psycopg.py:494: in import_dbapi
    import psycopg
/home/jules/.cache/pypoetry/virtualenvs/osiris-be-9TtSrW0h-py3.10/lib/python3.10/site-packages/psycopg/__init__.py:9: in <module>
    from . import pq  # noqa: F401 import early to stabilize side effects
/home/jules/.cache/pypoetry/virtualenvs/osiris-be-9TtSrW0h-py3.10/lib/python3.10/site-packages/psycopg/pq/__init__.py:114: in <module>
    import_from_libpq()
/home/jules/.cache/pypoetry/virtualenvs/osiris-be-9TtSrW0h-py3.10/lib/python3.10/site-packages/psycopg/pq/__init__.py:108: in import_from_libpq
    raise ImportError(f"""\
E   ImportError: no pq wrapper available.
E   Attempts made:
E   - couldn't import psycopg 'c' implementation: No module named 'psycopg_c'
E   - couldn't import psycopg 'binary' implementation: No module named 'psycopg_binary'
E   - couldn't import psycopg 'python' implementation: libpq library not found
_________ ERROR collecting tests/test_inventario_valoracion_router.py __________
ImportError while importing test module '/app/tests/test_inventario_valoracion_router.py'.
Hint: make sure your test modules/packages have valid Python names.
Traceback:
/home/jules/.pyenv/versions/3.10.19/lib/python3.10/importlib/__init__.py:126: in import_module
    return _bootstrap._gcd_import(name[level:], package, level)
tests/test_inventario_valoracion_router.py:9: in <module>
    from osiris.core.db import get_session
src/osiris/core/db.py:27: in <module>
    engine = get_engine()
src/osiris/core/db.py:18: in get_engine
    engine = create_engine(
/home/jules/.cache/pypoetry/virtualenvs/osiris-be-9TtSrW0h-py3.10/lib/python3.10/site-packages/sqlalchemy/util/deprecations.py:281: in warned
    return fn(*args, **kwargs)  # type: ignore[no-any-return]
/home/jules/.cache/pypoetry/virtualenvs/osiris-be-9TtSrW0h-py3.10/lib/python3.10/site-packages/sqlalchemy/engine/create.py:617: in create_engine
    dbapi = dbapi_meth(**dbapi_args)
/home/jules/.cache/pypoetry/virtualenvs/osiris-be-9TtSrW0h-py3.10/lib/python3.10/site-packages/sqlalchemy/dialects/postgresql/psycopg.py:494: in import_dbapi
    import psycopg
/home/jules/.cache/pypoetry/virtualenvs/osiris-be-9TtSrW0h-py3.10/lib/python3.10/site-packages/psycopg/__init__.py:9: in <module>
    from . import pq  # noqa: F401 import early to stabilize side effects
/home/jules/.cache/pypoetry/virtualenvs/osiris-be-9TtSrW0h-py3.10/lib/python3.10/site-packages/psycopg/pq/__init__.py:114: in <module>
    import_from_libpq()
/home/jules/.cache/pypoetry/virtualenvs/osiris-be-9TtSrW0h-py3.10/lib/python3.10/site-packages/psycopg/pq/__init__.py:108: in import_from_libpq
    raise ImportError(f"""\
E   ImportError: no pq wrapper available.
E   Attempts made:
E   - couldn't import psycopg 'c' implementation: No module named 'psycopg_c'
E   - couldn't import psycopg 'binary' implementation: No module named 'psycopg_binary'
E   - couldn't import psycopg 'python' implementation: libpq library not found
____________________ ERROR collecting tests/test_modulo.py _____________________
ImportError while importing test module '/app/tests/test_modulo.py'.
Hint: make sure your test modules/packages have valid Python names.
Traceback:
/home/jules/.pyenv/versions/3.10.19/lib/python3.10/importlib/__init__.py:126: in import_module
    return _bootstrap._gcd_import(name[level:], package, level)
tests/test_modulo.py:6: in <module>
    from osiris.modules.common.modulo.service import ModuloService
src/osiris/modules/common/modulo/service.py:2: in <module>
    from .repository import ModuloRepository
src/osiris/modules/common/modulo/repository.py:1: in <module>
    from osiris.domain.repository import BaseRepository
src/osiris/domain/repository.py:12: in <module>
    from osiris.core.db import SOFT_DELETE_INCLUDE_INACTIVE_OPTION
src/osiris/core/db.py:27: in <module>
    engine = get_engine()
src/osiris/core/db.py:18: in get_engine
    engine = create_engine(
/home/jules/.cache/pypoetry/virtualenvs/osiris-be-9TtSrW0h-py3.10/lib/python3.10/site-packages/sqlalchemy/util/deprecations.py:281: in warned
    return fn(*args, **kwargs)  # type: ignore[no-any-return]
/home/jules/.cache/pypoetry/virtualenvs/osiris-be-9TtSrW0h-py3.10/lib/python3.10/site-packages/sqlalchemy/engine/create.py:617: in create_engine
    dbapi = dbapi_meth(**dbapi_args)
/home/jules/.cache/pypoetry/virtualenvs/osiris-be-9TtSrW0h-py3.10/lib/python3.10/site-packages/sqlalchemy/dialects/postgresql/psycopg.py:494: in import_dbapi
    import psycopg
/home/jules/.cache/pypoetry/virtualenvs/osiris-be-9TtSrW0h-py3.10/lib/python3.10/site-packages/psycopg/__init__.py:9: in <module>
    from . import pq  # noqa: F401 import early to stabilize side effects
/home/jules/.cache/pypoetry/virtualenvs/osiris-be-9TtSrW0h-py3.10/lib/python3.10/site-packages/psycopg/pq/__init__.py:114: in <module>
    import_from_libpq()
/home/jules/.cache/pypoetry/virtualenvs/osiris-be-9TtSrW0h-py3.10/lib/python3.10/site-packages/psycopg/pq/__init__.py:108: in import_from_libpq
    raise ImportError(f"""\
E   ImportError: no pq wrapper available.
E   Attempts made:
E   - couldn't import psycopg 'c' implementation: No module named 'psycopg_c'
E   - couldn't import psycopg 'binary' implementation: No module named 'psycopg_binary'
E   - couldn't import psycopg 'python' implementation: libpq library not found
____________ ERROR collecting tests/test_orquestador_fe_service.py _____________
ImportError while importing test module '/app/tests/test_orquestador_fe_service.py'.
Hint: make sure your test modules/packages have valid Python names.
Traceback:
/home/jules/.pyenv/versions/3.10.19/lib/python3.10/importlib/__init__.py:126: in import_module
    return _bootstrap._gcd_import(name[level:], package, level)
tests/test_orquestador_fe_service.py:29: in <module>
    from osiris.modules.ventas.services.venta_service import VentaService
src/osiris/modules/ventas/services/venta_service.py:13: in <module>
    from osiris.modules.common.punto_emision.service import PuntoEmisionService
src/osiris/modules/common/punto_emision/service.py:13: in <module>
    from .repository import PuntoEmisionRepository
src/osiris/modules/common/punto_emision/repository.py:6: in <module>
    from osiris.domain.repository import BaseRepository
src/osiris/domain/repository.py:12: in <module>
    from osiris.core.db import SOFT_DELETE_INCLUDE_INACTIVE_OPTION
src/osiris/core/db.py:27: in <module>
    engine = get_engine()
src/osiris/core/db.py:18: in get_engine
    engine = create_engine(
/home/jules/.cache/pypoetry/virtualenvs/osiris-be-9TtSrW0h-py3.10/lib/python3.10/site-packages/sqlalchemy/util/deprecations.py:281: in warned
    return fn(*args, **kwargs)  # type: ignore[no-any-return]
/home/jules/.cache/pypoetry/virtualenvs/osiris-be-9TtSrW0h-py3.10/lib/python3.10/site-packages/sqlalchemy/engine/create.py:617: in create_engine
    dbapi = dbapi_meth(**dbapi_args)
/home/jules/.cache/pypoetry/virtualenvs/osiris-be-9TtSrW0h-py3.10/lib/python3.10/site-packages/sqlalchemy/dialects/postgresql/psycopg.py:494: in import_dbapi
    import psycopg
/home/jules/.cache/pypoetry/virtualenvs/osiris-be-9TtSrW0h-py3.10/lib/python3.10/site-packages/psycopg/__init__.py:9: in <module>
    from . import pq  # noqa: F401 import early to stabilize side effects
/home/jules/.cache/pypoetry/virtualenvs/osiris-be-9TtSrW0h-py3.10/lib/python3.10/site-packages/psycopg/pq/__init__.py:114: in <module>
    import_from_libpq()
/home/jules/.cache/pypoetry/virtualenvs/osiris-be-9TtSrW0h-py3.10/lib/python3.10/site-packages/psycopg/pq/__init__.py:108: in import_from_libpq
    raise ImportError(f"""\
E   ImportError: no pq wrapper available.
E   Attempts made:
E   - couldn't import psycopg 'c' implementation: No module named 'psycopg_c'
E   - couldn't import psycopg 'binary' implementation: No module named 'psycopg_binary'
E   - couldn't import psycopg 'python' implementation: libpq library not found
____________________ ERROR collecting tests/test_persona.py ____________________
ImportError while importing test module '/app/tests/test_persona.py'.
Hint: make sure your test modules/packages have valid Python names.
Traceback:
/home/jules/.pyenv/versions/3.10.19/lib/python3.10/importlib/__init__.py:126: in import_module
    return _bootstrap._gcd_import(name[level:], package, level)
tests/test_persona.py:16: in <module>
    from osiris.modules.common.persona.service import PersonaService
src/osiris/modules/common/persona/service.py:6: in <module>
    from .repository import PersonaRepository
src/osiris/modules/common/persona/repository.py:4: in <module>
    from osiris.domain.repository import BaseRepository
src/osiris/domain/repository.py:12: in <module>
    from osiris.core.db import SOFT_DELETE_INCLUDE_INACTIVE_OPTION
src/osiris/core/db.py:27: in <module>
    engine = get_engine()
src/osiris/core/db.py:18: in get_engine
    engine = create_engine(
/home/jules/.cache/pypoetry/virtualenvs/osiris-be-9TtSrW0h-py3.10/lib/python3.10/site-packages/sqlalchemy/util/deprecations.py:281: in warned
    return fn(*args, **kwargs)  # type: ignore[no-any-return]
/home/jules/.cache/pypoetry/virtualenvs/osiris-be-9TtSrW0h-py3.10/lib/python3.10/site-packages/sqlalchemy/engine/create.py:617: in create_engine
    dbapi = dbapi_meth(**dbapi_args)
/home/jules/.cache/pypoetry/virtualenvs/osiris-be-9TtSrW0h-py3.10/lib/python3.10/site-packages/sqlalchemy/dialects/postgresql/psycopg.py:494: in import_dbapi
    import psycopg
/home/jules/.cache/pypoetry/virtualenvs/osiris-be-9TtSrW0h-py3.10/lib/python3.10/site-packages/psycopg/__init__.py:9: in <module>
    from . import pq  # noqa: F401 import early to stabilize side effects
/home/jules/.cache/pypoetry/virtualenvs/osiris-be-9TtSrW0h-py3.10/lib/python3.10/site-packages/psycopg/pq/__init__.py:114: in <module>
    import_from_libpq()
/home/jules/.cache/pypoetry/virtualenvs/osiris-be-9TtSrW0h-py3.10/lib/python3.10/site-packages/psycopg/pq/__init__.py:108: in import_from_libpq
    raise ImportError(f"""\
E   ImportError: no pq wrapper available.
E   Attempts made:
E   - couldn't import psycopg 'c' implementation: No module named 'psycopg_c'
E   - couldn't import psycopg 'binary' implementation: No module named 'psycopg_binary'
E   - couldn't import psycopg 'python' implementation: libpq library not found
__________ ERROR collecting tests/test_postgres_driver_integration.py __________
ImportError while importing test module '/app/tests/test_postgres_driver_integration.py'.
Hint: make sure your test modules/packages have valid Python names.
Traceback:
/home/jules/.pyenv/versions/3.10.19/lib/python3.10/importlib/__init__.py:126: in import_module
    return _bootstrap._gcd_import(name[level:], package, level)
tests/test_postgres_driver_integration.py:4: in <module>
    from osiris.core.db import engine, get_engine
src/osiris/core/db.py:27: in <module>
    engine = get_engine()
src/osiris/core/db.py:18: in get_engine
    engine = create_engine(
/home/jules/.cache/pypoetry/virtualenvs/osiris-be-9TtSrW0h-py3.10/lib/python3.10/site-packages/sqlalchemy/util/deprecations.py:281: in warned
    return fn(*args, **kwargs)  # type: ignore[no-any-return]
/home/jules/.cache/pypoetry/virtualenvs/osiris-be-9TtSrW0h-py3.10/lib/python3.10/site-packages/sqlalchemy/engine/create.py:617: in create_engine
    dbapi = dbapi_meth(**dbapi_args)
/home/jules/.cache/pypoetry/virtualenvs/osiris-be-9TtSrW0h-py3.10/lib/python3.10/site-packages/sqlalchemy/dialects/postgresql/psycopg.py:494: in import_dbapi
    import psycopg
/home/jules/.cache/pypoetry/virtualenvs/osiris-be-9TtSrW0h-py3.10/lib/python3.10/site-packages/psycopg/__init__.py:9: in <module>
    from . import pq  # noqa: F401 import early to stabilize side effects
/home/jules/.cache/pypoetry/virtualenvs/osiris-be-9TtSrW0h-py3.10/lib/python3.10/site-packages/psycopg/pq/__init__.py:114: in <module>
    import_from_libpq()
/home/jules/.cache/pypoetry/virtualenvs/osiris-be-9TtSrW0h-py3.10/lib/python3.10/site-packages/psycopg/pq/__init__.py:108: in import_from_libpq
    raise ImportError(f"""\
E   ImportError: no pq wrapper available.
E   Attempts made:
E   - couldn't import psycopg 'c' implementation: No module named 'psycopg_c'
E   - couldn't import psycopg 'binary' implementation: No module named 'psycopg_binary'
E   - couldn't import psycopg 'python' implementation: libpq library not found
___________________ ERROR collecting tests/test_producto.py ____________________
ImportError while importing test module '/app/tests/test_producto.py'.
Hint: make sure your test modules/packages have valid Python names.
Traceback:
/home/jules/.pyenv/versions/3.10.19/lib/python3.10/importlib/__init__.py:126: in import_module
    return _bootstrap._gcd_import(name[level:], package, level)
tests/test_producto.py:8: in <module>
    from osiris.modules.inventario.producto.service import ProductoService
src/osiris/modules/inventario/producto/service.py:11: in <module>
    from osiris.core.db import SOFT_DELETE_INCLUDE_INACTIVE_OPTION
src/osiris/core/db.py:27: in <module>
    engine = get_engine()
src/osiris/core/db.py:18: in get_engine
    engine = create_engine(
/home/jules/.cache/pypoetry/virtualenvs/osiris-be-9TtSrW0h-py3.10/lib/python3.10/site-packages/sqlalchemy/util/deprecations.py:281: in warned
    return fn(*args, **kwargs)  # type: ignore[no-any-return]
/home/jules/.cache/pypoetry/virtualenvs/osiris-be-9TtSrW0h-py3.10/lib/python3.10/site-packages/sqlalchemy/engine/create.py:617: in create_engine
    dbapi = dbapi_meth(**dbapi_args)
/home/jules/.cache/pypoetry/virtualenvs/osiris-be-9TtSrW0h-py3.10/lib/python3.10/site-packages/sqlalchemy/dialects/postgresql/psycopg.py:494: in import_dbapi
    import psycopg
/home/jules/.cache/pypoetry/virtualenvs/osiris-be-9TtSrW0h-py3.10/lib/python3.10/site-packages/psycopg/__init__.py:9: in <module>
    from . import pq  # noqa: F401 import early to stabilize side effects
/home/jules/.cache/pypoetry/virtualenvs/osiris-be-9TtSrW0h-py3.10/lib/python3.10/site-packages/psycopg/pq/__init__.py:114: in <module>
    import_from_libpq()
/home/jules/.cache/pypoetry/virtualenvs/osiris-be-9TtSrW0h-py3.10/lib/python3.10/site-packages/psycopg/pq/__init__.py:108: in import_from_libpq
    raise ImportError(f"""\
E   ImportError: no pq wrapper available.
E   Attempts made:
E   - couldn't import psycopg 'c' implementation: No module named 'psycopg_c'
E   - couldn't import psycopg 'binary' implementation: No module named 'psycopg_binary'
E   - couldn't import psycopg 'python' implementation: libpq library not found
________________ ERROR collecting tests/test_producto_bodega.py ________________
ImportError while importing test module '/app/tests/test_producto_bodega.py'.
Hint: make sure your test modules/packages have valid Python names.
Traceback:
/home/jules/.pyenv/versions/3.10.19/lib/python3.10/importlib/__init__.py:126: in import_module
    return _bootstrap._gcd_import(name[level:], package, level)
tests/test_producto_bodega.py:10: in <module>
    from osiris.modules.inventario.producto_bodega.service import ProductoBodegaService
src/osiris/modules/inventario/producto_bodega/service.py:11: in <module>
    from .repository import ProductoBodegaRepository
src/osiris/modules/inventario/producto_bodega/repository.py:2: in <module>
    from osiris.domain.repository import BaseRepository
src/osiris/domain/repository.py:12: in <module>
    from osiris.core.db import SOFT_DELETE_INCLUDE_INACTIVE_OPTION
src/osiris/core/db.py:27: in <module>
    engine = get_engine()
src/osiris/core/db.py:18: in get_engine
    engine = create_engine(
/home/jules/.cache/pypoetry/virtualenvs/osiris-be-9TtSrW0h-py3.10/lib/python3.10/site-packages/sqlalchemy/util/deprecations.py:281: in warned
    return fn(*args, **kwargs)  # type: ignore[no-any-return]
/home/jules/.cache/pypoetry/virtualenvs/osiris-be-9TtSrW0h-py3.10/lib/python3.10/site-packages/sqlalchemy/engine/create.py:617: in create_engine
    dbapi = dbapi_meth(**dbapi_args)
/home/jules/.cache/pypoetry/virtualenvs/osiris-be-9TtSrW0h-py3.10/lib/python3.10/site-packages/sqlalchemy/dialects/postgresql/psycopg.py:494: in import_dbapi
    import psycopg
/home/jules/.cache/pypoetry/virtualenvs/osiris-be-9TtSrW0h-py3.10/lib/python3.10/site-packages/psycopg/__init__.py:9: in <module>
    from . import pq  # noqa: F401 import early to stabilize side effects
/home/jules/.cache/pypoetry/virtualenvs/osiris-be-9TtSrW0h-py3.10/lib/python3.10/site-packages/psycopg/pq/__init__.py:114: in <module>
    import_from_libpq()
/home/jules/.cache/pypoetry/virtualenvs/osiris-be-9TtSrW0h-py3.10/lib/python3.10/site-packages/psycopg/pq/__init__.py:108: in import_from_libpq
    raise ImportError(f"""\
E   ImportError: no pq wrapper available.
E   Attempts made:
E   - couldn't import psycopg 'c' implementation: No module named 'psycopg_c'
E   - couldn't import psycopg 'binary' implementation: No module named 'psycopg_binary'
E   - couldn't import psycopg 'python' implementation: libpq library not found
_______________ ERROR collecting tests/test_producto_impuesto.py _______________
ImportError while importing test module '/app/tests/test_producto_impuesto.py'.
Hint: make sure your test modules/packages have valid Python names.
Traceback:
/home/jules/.pyenv/versions/3.10.19/lib/python3.10/importlib/__init__.py:126: in import_module
    return _bootstrap._gcd_import(name[level:], package, level)
tests/test_producto_impuesto.py:17: in <module>
    from osiris.modules.inventario.producto_impuesto.repository import ProductoImpuestoRepository
src/osiris/modules/inventario/producto_impuesto/repository.py:8: in <module>
    from osiris.domain.repository import BaseRepository
src/osiris/domain/repository.py:12: in <module>
    from osiris.core.db import SOFT_DELETE_INCLUDE_INACTIVE_OPTION
src/osiris/core/db.py:27: in <module>
    engine = get_engine()
src/osiris/core/db.py:18: in get_engine
    engine = create_engine(
/home/jules/.cache/pypoetry/virtualenvs/osiris-be-9TtSrW0h-py3.10/lib/python3.10/site-packages/sqlalchemy/util/deprecations.py:281: in warned
    return fn(*args, **kwargs)  # type: ignore[no-any-return]
/home/jules/.cache/pypoetry/virtualenvs/osiris-be-9TtSrW0h-py3.10/lib/python3.10/site-packages/sqlalchemy/engine/create.py:617: in create_engine
    dbapi = dbapi_meth(**dbapi_args)
/home/jules/.cache/pypoetry/virtualenvs/osiris-be-9TtSrW0h-py3.10/lib/python3.10/site-packages/sqlalchemy/dialects/postgresql/psycopg.py:494: in import_dbapi
    import psycopg
/home/jules/.cache/pypoetry/virtualenvs/osiris-be-9TtSrW0h-py3.10/lib/python3.10/site-packages/psycopg/__init__.py:9: in <module>
    from . import pq  # noqa: F401 import early to stabilize side effects
/home/jules/.cache/pypoetry/virtualenvs/osiris-be-9TtSrW0h-py3.10/lib/python3.10/site-packages/psycopg/pq/__init__.py:114: in <module>
    import_from_libpq()
/home/jules/.cache/pypoetry/virtualenvs/osiris-be-9TtSrW0h-py3.10/lib/python3.10/site-packages/psycopg/pq/__init__.py:108: in import_from_libpq
    raise ImportError(f"""\
E   ImportError: no pq wrapper available.
E   Attempts made:
E   - couldn't import psycopg 'c' implementation: No module named 'psycopg_c'
E   - couldn't import psycopg 'binary' implementation: No module named 'psycopg_binary'
E   - couldn't import psycopg 'python' implementation: libpq library not found
_______________ ERROR collecting tests/test_proveedor_persona.py _______________
ImportError while importing test module '/app/tests/test_proveedor_persona.py'.
Hint: make sure your test modules/packages have valid Python names.
Traceback:
/home/jules/.pyenv/versions/3.10.19/lib/python3.10/importlib/__init__.py:126: in import_module
    return _bootstrap._gcd_import(name[level:], package, level)
tests/test_proveedor_persona.py:7: in <module>
    from osiris.modules.common.proveedor_persona.service import ProveedorPersonaService
src/osiris/modules/common/proveedor_persona/service.py:11: in <module>
    from .repository import ProveedorPersonaRepository
src/osiris/modules/common/proveedor_persona/repository.py:3: in <module>
    from osiris.domain.repository import BaseRepository
src/osiris/domain/repository.py:12: in <module>
    from osiris.core.db import SOFT_DELETE_INCLUDE_INACTIVE_OPTION
src/osiris/core/db.py:27: in <module>
    engine = get_engine()
src/osiris/core/db.py:18: in get_engine
    engine = create_engine(
/home/jules/.cache/pypoetry/virtualenvs/osiris-be-9TtSrW0h-py3.10/lib/python3.10/site-packages/sqlalchemy/util/deprecations.py:281: in warned
    return fn(*args, **kwargs)  # type: ignore[no-any-return]
/home/jules/.cache/pypoetry/virtualenvs/osiris-be-9TtSrW0h-py3.10/lib/python3.10/site-packages/sqlalchemy/engine/create.py:617: in create_engine
    dbapi = dbapi_meth(**dbapi_args)
/home/jules/.cache/pypoetry/virtualenvs/osiris-be-9TtSrW0h-py3.10/lib/python3.10/site-packages/sqlalchemy/dialects/postgresql/psycopg.py:494: in import_dbapi
    import psycopg
/home/jules/.cache/pypoetry/virtualenvs/osiris-be-9TtSrW0h-py3.10/lib/python3.10/site-packages/psycopg/__init__.py:9: in <module>
    from . import pq  # noqa: F401 import early to stabilize side effects
/home/jules/.cache/pypoetry/virtualenvs/osiris-be-9TtSrW0h-py3.10/lib/python3.10/site-packages/psycopg/pq/__init__.py:114: in <module>
    import_from_libpq()
/home/jules/.cache/pypoetry/virtualenvs/osiris-be-9TtSrW0h-py3.10/lib/python3.10/site-packages/psycopg/pq/__init__.py:108: in import_from_libpq
    raise ImportError(f"""\
E   ImportError: no pq wrapper available.
E   Attempts made:
E   - couldn't import psycopg 'c' implementation: No module named 'psycopg_c'
E   - couldn't import psycopg 'binary' implementation: No module named 'psycopg_binary'
E   - couldn't import psycopg 'python' implementation: libpq library not found
______________ ERROR collecting tests/test_proveedor_sociedad.py _______________
ImportError while importing test module '/app/tests/test_proveedor_sociedad.py'.
Hint: make sure your test modules/packages have valid Python names.
Traceback:
/home/jules/.pyenv/versions/3.10.19/lib/python3.10/importlib/__init__.py:126: in import_module
    return _bootstrap._gcd_import(name[level:], package, level)
tests/test_proveedor_sociedad.py:12: in <module>
    from osiris.modules.common.proveedor_sociedad.service import ProveedorSociedadService
src/osiris/modules/common/proveedor_sociedad/service.py:10: in <module>
    from .repository import ProveedorSociedadRepository
src/osiris/modules/common/proveedor_sociedad/repository.py:3: in <module>
    from osiris.domain.repository import BaseRepository
src/osiris/domain/repository.py:12: in <module>
    from osiris.core.db import SOFT_DELETE_INCLUDE_INACTIVE_OPTION
src/osiris/core/db.py:27: in <module>
    engine = get_engine()
src/osiris/core/db.py:18: in get_engine
    engine = create_engine(
/home/jules/.cache/pypoetry/virtualenvs/osiris-be-9TtSrW0h-py3.10/lib/python3.10/site-packages/sqlalchemy/util/deprecations.py:281: in warned
    return fn(*args, **kwargs)  # type: ignore[no-any-return]
/home/jules/.cache/pypoetry/virtualenvs/osiris-be-9TtSrW0h-py3.10/lib/python3.10/site-packages/sqlalchemy/engine/create.py:617: in create_engine
    dbapi = dbapi_meth(**dbapi_args)
/home/jules/.cache/pypoetry/virtualenvs/osiris-be-9TtSrW0h-py3.10/lib/python3.10/site-packages/sqlalchemy/dialects/postgresql/psycopg.py:494: in import_dbapi
    import psycopg
/home/jules/.cache/pypoetry/virtualenvs/osiris-be-9TtSrW0h-py3.10/lib/python3.10/site-packages/psycopg/__init__.py:9: in <module>
    from . import pq  # noqa: F401 import early to stabilize side effects
/home/jules/.cache/pypoetry/virtualenvs/osiris-be-9TtSrW0h-py3.10/lib/python3.10/site-packages/psycopg/pq/__init__.py:114: in <module>
    import_from_libpq()
/home/jules/.cache/pypoetry/virtualenvs/osiris-be-9TtSrW0h-py3.10/lib/python3.10/site-packages/psycopg/pq/__init__.py:108: in import_from_libpq
    raise ImportError(f"""\
E   ImportError: no pq wrapper available.
E   Attempts made:
E   - couldn't import psycopg 'c' implementation: No module named 'psycopg_c'
E   - couldn't import psycopg 'binary' implementation: No module named 'psycopg_binary'
E   - couldn't import psycopg 'python' implementation: libpq library not found
_________________ ERROR collecting tests/test_punto_emision.py _________________
ImportError while importing test module '/app/tests/test_punto_emision.py'.
Hint: make sure your test modules/packages have valid Python names.
Traceback:
/home/jules/.pyenv/versions/3.10.19/lib/python3.10/importlib/__init__.py:126: in import_module
    return _bootstrap._gcd_import(name[level:], package, level)
tests/test_punto_emision.py:17: in <module>
    from osiris.modules.common.punto_emision.service import PuntoEmisionService
src/osiris/modules/common/punto_emision/service.py:13: in <module>
    from .repository import PuntoEmisionRepository
src/osiris/modules/common/punto_emision/repository.py:6: in <module>
    from osiris.domain.repository import BaseRepository
src/osiris/domain/repository.py:12: in <module>
    from osiris.core.db import SOFT_DELETE_INCLUDE_INACTIVE_OPTION
src/osiris/core/db.py:27: in <module>
    engine = get_engine()
src/osiris/core/db.py:18: in get_engine
    engine = create_engine(
/home/jules/.cache/pypoetry/virtualenvs/osiris-be-9TtSrW0h-py3.10/lib/python3.10/site-packages/sqlalchemy/util/deprecations.py:281: in warned
    return fn(*args, **kwargs)  # type: ignore[no-any-return]
/home/jules/.cache/pypoetry/virtualenvs/osiris-be-9TtSrW0h-py3.10/lib/python3.10/site-packages/sqlalchemy/engine/create.py:617: in create_engine
    dbapi = dbapi_meth(**dbapi_args)
/home/jules/.cache/pypoetry/virtualenvs/osiris-be-9TtSrW0h-py3.10/lib/python3.10/site-packages/sqlalchemy/dialects/postgresql/psycopg.py:494: in import_dbapi
    import psycopg
/home/jules/.cache/pypoetry/virtualenvs/osiris-be-9TtSrW0h-py3.10/lib/python3.10/site-packages/psycopg/__init__.py:9: in <module>
    from . import pq  # noqa: F401 import early to stabilize side effects
/home/jules/.cache/pypoetry/virtualenvs/osiris-be-9TtSrW0h-py3.10/lib/python3.10/site-packages/psycopg/pq/__init__.py:114: in <module>
    import_from_libpq()
/home/jules/.cache/pypoetry/virtualenvs/osiris-be-9TtSrW0h-py3.10/lib/python3.10/site-packages/psycopg/pq/__init__.py:108: in import_from_libpq
    raise ImportError(f"""\
E   ImportError: no pq wrapper available.
E   Attempts made:
E   - couldn't import psycopg 'c' implementation: No module named 'psycopg_c'
E   - couldn't import psycopg 'binary' implementation: No module named 'psycopg_binary'
E   - couldn't import psycopg 'python' implementation: libpq library not found
_______________ ERROR collecting tests/test_reporte_caja_api.py ________________
ImportError while importing test module '/app/tests/test_reporte_caja_api.py'.
Hint: make sure your test modules/packages have valid Python names.
Traceback:
/home/jules/.pyenv/versions/3.10.19/lib/python3.10/importlib/__init__.py:126: in import_module
    return _bootstrap._gcd_import(name[level:], package, level)
tests/test_reporte_caja_api.py:11: in <module>
    from osiris.core.db import get_session
src/osiris/core/db.py:27: in <module>
    engine = get_engine()
src/osiris/core/db.py:18: in get_engine
    engine = create_engine(
/home/jules/.cache/pypoetry/virtualenvs/osiris-be-9TtSrW0h-py3.10/lib/python3.10/site-packages/sqlalchemy/util/deprecations.py:281: in warned
    return fn(*args, **kwargs)  # type: ignore[no-any-return]
/home/jules/.cache/pypoetry/virtualenvs/osiris-be-9TtSrW0h-py3.10/lib/python3.10/site-packages/sqlalchemy/engine/create.py:617: in create_engine
    dbapi = dbapi_meth(**dbapi_args)
/home/jules/.cache/pypoetry/virtualenvs/osiris-be-9TtSrW0h-py3.10/lib/python3.10/site-packages/sqlalchemy/dialects/postgresql/psycopg.py:494: in import_dbapi
    import psycopg
/home/jules/.cache/pypoetry/virtualenvs/osiris-be-9TtSrW0h-py3.10/lib/python3.10/site-packages/psycopg/__init__.py:9: in <module>
    from . import pq  # noqa: F401 import early to stabilize side effects
/home/jules/.cache/pypoetry/virtualenvs/osiris-be-9TtSrW0h-py3.10/lib/python3.10/site-packages/psycopg/pq/__init__.py:114: in <module>
    import_from_libpq()
/home/jules/.cache/pypoetry/virtualenvs/osiris-be-9TtSrW0h-py3.10/lib/python3.10/site-packages/psycopg/pq/__init__.py:108: in import_from_libpq
    raise ImportError(f"""\
E   ImportError: no pq wrapper available.
E   Attempts made:
E   - couldn't import psycopg 'c' implementation: No module named 'psycopg_c'
E   - couldn't import psycopg 'binary' implementation: No module named 'psycopg_binary'
E   - couldn't import psycopg 'python' implementation: libpq library not found
______________ ERROR collecting tests/test_reporte_cartera_api.py ______________
ImportError while importing test module '/app/tests/test_reporte_cartera_api.py'.
Hint: make sure your test modules/packages have valid Python names.
Traceback:
/home/jules/.pyenv/versions/3.10.19/lib/python3.10/importlib/__init__.py:126: in import_module
    return _bootstrap._gcd_import(name[level:], package, level)
tests/test_reporte_cartera_api.py:11: in <module>
    from osiris.core.db import get_session
src/osiris/core/db.py:27: in <module>
    engine = get_engine()
src/osiris/core/db.py:18: in get_engine
    engine = create_engine(
/home/jules/.cache/pypoetry/virtualenvs/osiris-be-9TtSrW0h-py3.10/lib/python3.10/site-packages/sqlalchemy/util/deprecations.py:281: in warned
    return fn(*args, **kwargs)  # type: ignore[no-any-return]
/home/jules/.cache/pypoetry/virtualenvs/osiris-be-9TtSrW0h-py3.10/lib/python3.10/site-packages/sqlalchemy/engine/create.py:617: in create_engine
    dbapi = dbapi_meth(**dbapi_args)
/home/jules/.cache/pypoetry/virtualenvs/osiris-be-9TtSrW0h-py3.10/lib/python3.10/site-packages/sqlalchemy/dialects/postgresql/psycopg.py:494: in import_dbapi
    import psycopg
/home/jules/.cache/pypoetry/virtualenvs/osiris-be-9TtSrW0h-py3.10/lib/python3.10/site-packages/psycopg/__init__.py:9: in <module>
    from . import pq  # noqa: F401 import early to stabilize side effects
/home/jules/.cache/pypoetry/virtualenvs/osiris-be-9TtSrW0h-py3.10/lib/python3.10/site-packages/psycopg/pq/__init__.py:114: in <module>
    import_from_libpq()
/home/jules/.cache/pypoetry/virtualenvs/osiris-be-9TtSrW0h-py3.10/lib/python3.10/site-packages/psycopg/pq/__init__.py:108: in import_from_libpq
    raise ImportError(f"""\
E   ImportError: no pq wrapper available.
E   Attempts made:
E   - couldn't import psycopg 'c' implementation: No module named 'psycopg_c'
E   - couldn't import psycopg 'binary' implementation: No module named 'psycopg_binary'
E   - couldn't import psycopg 'python' implementation: libpq library not found
______________ ERROR collecting tests/test_reporte_compras_api.py ______________
ImportError while importing test module '/app/tests/test_reporte_compras_api.py'.
Hint: make sure your test modules/packages have valid Python names.
Traceback:
/home/jules/.pyenv/versions/3.10.19/lib/python3.10/importlib/__init__.py:126: in import_module
    return _bootstrap._gcd_import(name[level:], package, level)
tests/test_reporte_compras_api.py:10: in <module>
    from osiris.core.db import get_session
src/osiris/core/db.py:27: in <module>
    engine = get_engine()
src/osiris/core/db.py:18: in get_engine
    engine = create_engine(
/home/jules/.cache/pypoetry/virtualenvs/osiris-be-9TtSrW0h-py3.10/lib/python3.10/site-packages/sqlalchemy/util/deprecations.py:281: in warned
    return fn(*args, **kwargs)  # type: ignore[no-any-return]
/home/jules/.cache/pypoetry/virtualenvs/osiris-be-9TtSrW0h-py3.10/lib/python3.10/site-packages/sqlalchemy/engine/create.py:617: in create_engine
    dbapi = dbapi_meth(**dbapi_args)
/home/jules/.cache/pypoetry/virtualenvs/osiris-be-9TtSrW0h-py3.10/lib/python3.10/site-packages/sqlalchemy/dialects/postgresql/psycopg.py:494: in import_dbapi
    import psycopg
/home/jules/.cache/pypoetry/virtualenvs/osiris-be-9TtSrW0h-py3.10/lib/python3.10/site-packages/psycopg/__init__.py:9: in <module>
    from . import pq  # noqa: F401 import early to stabilize side effects
/home/jules/.cache/pypoetry/virtualenvs/osiris-be-9TtSrW0h-py3.10/lib/python3.10/site-packages/psycopg/pq/__init__.py:114: in <module>
    import_from_libpq()
/home/jules/.cache/pypoetry/virtualenvs/osiris-be-9TtSrW0h-py3.10/lib/python3.10/site-packages/psycopg/pq/__init__.py:108: in import_from_libpq
    raise ImportError(f"""\
E   ImportError: no pq wrapper available.
E   Attempts made:
E   - couldn't import psycopg 'c' implementation: No module named 'psycopg_c'
E   - couldn't import psycopg 'binary' implementation: No module named 'psycopg_binary'
E   - couldn't import psycopg 'python' implementation: libpq library not found
_________ ERROR collecting tests/test_reporte_inventario_kardex_api.py _________
ImportError while importing test module '/app/tests/test_reporte_inventario_kardex_api.py'.
Hint: make sure your test modules/packages have valid Python names.
Traceback:
/home/jules/.pyenv/versions/3.10.19/lib/python3.10/importlib/__init__.py:126: in import_module
    return _bootstrap._gcd_import(name[level:], package, level)
tests/test_reporte_inventario_kardex_api.py:10: in <module>
    from osiris.core.db import get_session
src/osiris/core/db.py:27: in <module>
    engine = get_engine()
src/osiris/core/db.py:18: in get_engine
    engine = create_engine(
/home/jules/.cache/pypoetry/virtualenvs/osiris-be-9TtSrW0h-py3.10/lib/python3.10/site-packages/sqlalchemy/util/deprecations.py:281: in warned
    return fn(*args, **kwargs)  # type: ignore[no-any-return]
/home/jules/.cache/pypoetry/virtualenvs/osiris-be-9TtSrW0h-py3.10/lib/python3.10/site-packages/sqlalchemy/engine/create.py:617: in create_engine
    dbapi = dbapi_meth(**dbapi_args)
/home/jules/.cache/pypoetry/virtualenvs/osiris-be-9TtSrW0h-py3.10/lib/python3.10/site-packages/sqlalchemy/dialects/postgresql/psycopg.py:494: in import_dbapi
    import psycopg
/home/jules/.cache/pypoetry/virtualenvs/osiris-be-9TtSrW0h-py3.10/lib/python3.10/site-packages/psycopg/__init__.py:9: in <module>
    from . import pq  # noqa: F401 import early to stabilize side effects
/home/jules/.cache/pypoetry/virtualenvs/osiris-be-9TtSrW0h-py3.10/lib/python3.10/site-packages/psycopg/pq/__init__.py:114: in <module>
    import_from_libpq()
/home/jules/.cache/pypoetry/virtualenvs/osiris-be-9TtSrW0h-py3.10/lib/python3.10/site-packages/psycopg/pq/__init__.py:108: in import_from_libpq
    raise ImportError(f"""\
E   ImportError: no pq wrapper available.
E   Attempts made:
E   - couldn't import psycopg 'c' implementation: No module named 'psycopg_c'
E   - couldn't import psycopg 'binary' implementation: No module named 'psycopg_binary'
E   - couldn't import psycopg 'python' implementation: libpq library not found
_______ ERROR collecting tests/test_reporte_inventario_valoracion_api.py _______
ImportError while importing test module '/app/tests/test_reporte_inventario_valoracion_api.py'.
Hint: make sure your test modules/packages have valid Python names.
Traceback:
/home/jules/.pyenv/versions/3.10.19/lib/python3.10/importlib/__init__.py:126: in import_module
    return _bootstrap._gcd_import(name[level:], package, level)
tests/test_reporte_inventario_valoracion_api.py:9: in <module>
    from osiris.core.db import get_session
src/osiris/core/db.py:27: in <module>
    engine = get_engine()
src/osiris/core/db.py:18: in get_engine
    engine = create_engine(
/home/jules/.cache/pypoetry/virtualenvs/osiris-be-9TtSrW0h-py3.10/lib/python3.10/site-packages/sqlalchemy/util/deprecations.py:281: in warned
    return fn(*args, **kwargs)  # type: ignore[no-any-return]
/home/jules/.cache/pypoetry/virtualenvs/osiris-be-9TtSrW0h-py3.10/lib/python3.10/site-packages/sqlalchemy/engine/create.py:617: in create_engine
    dbapi = dbapi_meth(**dbapi_args)
[...]
    raise ImportError(f"""\
E   ImportError: no pq wrapper available.
E   Attempts made:
E   - couldn't import psycopg 'c' implementation: No module named 'psycopg_c'
E   - couldn't import psycopg 'binary' implementation: No module named 'psycopg_binary'
E   - couldn't import psycopg 'python' implementation: libpq library not found
___________________ ERROR collecting tests/test_sucursal.py ____________________
ImportError while importing test module '/app/tests/test_sucursal.py'.
Hint: make sure your test modules/packages have valid Python names.
Traceback:
/home/jules/.pyenv/versions/3.10.19/lib/python3.10/importlib/__init__.py:126: in import_module
    return _bootstrap._gcd_import(name[level:], package, level)
tests/test_sucursal.py:15: in <module>
    from osiris.modules.common.sucursal.service import SucursalService
src/osiris/modules/common/sucursal/service.py:10: in <module>
    from .repository import SucursalRepository
src/osiris/modules/common/sucursal/repository.py:7: in <module>
    from osiris.domain.repository import BaseRepository
src/osiris/domain/repository.py:12: in <module>
    from osiris.core.db import SOFT_DELETE_INCLUDE_INACTIVE_OPTION
src/osiris/core/db.py:27: in <module>
    engine = get_engine()
src/osiris/core/db.py:18: in get_engine
    engine = create_engine(
/home/jules/.cache/pypoetry/virtualenvs/osiris-be-9TtSrW0h-py3.10/lib/python3.10/site-packages/sqlalchemy/util/deprecations.py:281: in warned
    return fn(*args, **kwargs)  # type: ignore[no-any-return]
/home/jules/.cache/pypoetry/virtualenvs/osiris-be-9TtSrW0h-py3.10/lib/python3.10/site-packages/sqlalchemy/engine/create.py:617: in create_engine
    dbapi = dbapi_meth(**dbapi_args)
/home/jules/.cache/pypoetry/virtualenvs/osiris-be-9TtSrW0h-py3.10/lib/python3.10/site-packages/sqlalchemy/dialects/postgresql/psycopg.py:494: in import_dbapi
    import psycopg
/home/jules/.cache/pypoetry/virtualenvs/osiris-be-9TtSrW0h-py3.10/lib/python3.10/site-packages/psycopg/__init__.py:9: in <module>
    from . import pq  # noqa: F401 import early to stabilize side effects
/home/jules/.cache/pypoetry/virtualenvs/osiris-be-9TtSrW0h-py3.10/lib/python3.10/site-packages/psycopg/pq/__init__.py:114: in <module>
    import_from_libpq()
/home/jules/.cache/pypoetry/virtualenvs/osiris-be-9TtSrW0h-py3.10/lib/python3.10/site-packages/psycopg/pq/__init__.py:108: in import_from_libpq
    raise ImportError(f"""\
E   ImportError: no pq wrapper available.
E   Attempts made:
E   - couldn't import psycopg 'c' implementation: No module named 'psycopg_c'
E   - couldn't import psycopg 'binary' implementation: No module named 'psycopg_binary'
E   - couldn't import psycopg 'python' implementation: libpq library not found
_________________ ERROR collecting tests/test_tipo_cliente.py __________________
ImportError while importing test module '/app/tests/test_tipo_cliente.py'.
Hint: make sure your test modules/packages have valid Python names.
Traceback:
/home/jules/.pyenv/versions/3.10.19/lib/python3.10/importlib/__init__.py:126: in import_module
    return _bootstrap._gcd_import(name[level:], package, level)
tests/test_tipo_cliente.py:14: in <module>
    from osiris.modules.common.tipo_cliente.service import TipoClienteService
src/osiris/modules/common/tipo_cliente/service.py:4: in <module>
    from .repository import TipoClienteRepository
src/osiris/modules/common/tipo_cliente/repository.py:3: in <module>
    from osiris.domain.repository import BaseRepository
src/osiris/domain/repository.py:12: in <module>
    from osiris.core.db import SOFT_DELETE_INCLUDE_INACTIVE_OPTION
src/osiris/core/db.py:27: in <module>
    engine = get_engine()
src/osiris/core/db.py:18: in get_engine
    engine = create_engine(
/home/jules/.cache/pypoetry/virtualenvs/osiris-be-9TtSrW0h-py3.10/lib/python3.10/site-packages/sqlalchemy/util/deprecations.py:281: in warned
    return fn(*args, **kwargs)  # type: ignore[no-any-return]
/home/jules/.cache/pypoetry/virtualenvs/osiris-be-9TtSrW0h-py3.10/lib/python3.10/site-packages/sqlalchemy/engine/create.py:617: in create_engine
    dbapi = dbapi_meth(**dbapi_args)
/home/jules/.cache/pypoetry/virtualenvs/osiris-be-9TtSrW0h-py3.10/lib/python3.10/site-packages/sqlalchemy/dialects/postgresql/psycopg.py:494: in import_dbapi
    import psycopg
/home/jules/.cache/pypoetry/virtualenvs/osiris-be-9TtSrW0h-py3.10/lib/python3.10/site-packages/psycopg/__init__.py:9: in <module>
    from . import pq  # noqa: F401 import early to stabilize side effects
/home/jules/.cache/pypoetry/virtualenvs/osiris-be-9TtSrW0h-py3.10/lib/python3.10/site-packages/psycopg/pq/__init__.py:114: in <module>
    import_from_libpq()
/home/jules/.cache/pypoetry/virtualenvs/osiris-be-9TtSrW0h-py3.10/lib/python3.10/site-packages/psycopg/pq/__init__.py:108: in import_from_libpq
    raise ImportError(f"""\
E   ImportError: no pq wrapper available.
E   Attempts made:
E   - couldn't import psycopg 'c' implementation: No module named 'psycopg_c'
E   - couldn't import psycopg 'binary' implementation: No module named 'psycopg_binary'
E   - couldn't import psycopg 'python' implementation: libpq library not found
____________________ ERROR collecting tests/test_usuario.py ____________________
ImportError while importing test module '/app/tests/test_usuario.py'.
Hint: make sure your test modules/packages have valid Python names.
Traceback:
/home/jules/.pyenv/versions/3.10.19/lib/python3.10/importlib/__init__.py:126: in import_module
    return _bootstrap._gcd_import(name[level:], package, level)
tests/test_usuario.py:10: in <module>
    from osiris.modules.common.usuario.service import UsuarioService
src/osiris/modules/common/usuario/service.py:13: in <module>
    from .repository import UsuarioRepository
src/osiris/modules/common/usuario/repository.py:3: in <module>
    from osiris.domain.repository import BaseRepository
src/osiris/domain/repository.py:12: in <module>
    from osiris.core.db import SOFT_DELETE_INCLUDE_INACTIVE_OPTION
src/osiris/core/db.py:27: in <module>
    engine = get_engine()
src/osiris/core/db.py:18: in get_engine
    engine = create_engine(
/home/jules/.cache/pypoetry/virtualenvs/osiris-be-9TtSrW0h-py3.10/lib/python3.10/site-packages/sqlalchemy/util/deprecations.py:281: in warned
    return fn(*args, **kwargs)  # type: ignore[no-any-return]
/home/jules/.cache/pypoetry/virtualenvs/osiris-be-9TtSrW0h-py3.10/lib/python3.10/site-packages/sqlalchemy/engine/create.py:617: in create_engine
    dbapi = dbapi_meth(**dbapi_args)
/home/jules/.cache/pypoetry/virtualenvs/osiris-be-9TtSrW0h-py3.10/lib/python3.10/site-packages/sqlalchemy/dialects/postgresql/psycopg.py:494: in import_dbapi
    import psycopg
/home/jules/.cache/pypoetry/virtualenvs/osiris-be-9TtSrW0h-py3.10/lib/python3.10/site-packages/psycopg/__init__.py:9: in <module>
    from . import pq  # noqa: F401 import early to stabilize side effects
/home/jules/.cache/pypoetry/virtualenvs/osiris-be-9TtSrW0h-py3.10/lib/python3.10/site-packages/psycopg/pq/__init__.py:114: in <module>
    import_from_libpq()
/home/jules/.cache/pypoetry/virtualenvs/osiris-be-9TtSrW0h-py3.10/lib/python3.10/site-packages/psycopg/pq/__init__.py:108: in import_from_libpq
    raise ImportError(f"""\
E   ImportError: no pq wrapper available.
E   Attempts made:
E   - couldn't import psycopg 'c' implementation: No module named 'psycopg_c'
E   - couldn't import psycopg 'binary' implementation: No module named 'psycopg_binary'
E   - couldn't import psycopg 'python' implementation: libpq library not found
_________________ ERROR collecting tests/test_venta_core_e6.py _________________
ImportError while importing test module '/app/tests/test_venta_core_e6.py'.
Hint: make sure your test modules/packages have valid Python names.
Traceback:
/home/jules/.pyenv/versions/3.10.19/lib/python3.10/importlib/__init__.py:126: in import_module
    return _bootstrap._gcd_import(name[level:], package, level)
tests/test_venta_core_e6.py:16: in <module>
    from osiris.modules.ventas.services.venta_service import VentaService
src/osiris/modules/ventas/services/venta_service.py:13: in <module>
    from osiris.modules.common.punto_emision.service import PuntoEmisionService
src/osiris/modules/common/punto_emision/service.py:13: in <module>
    from .repository import PuntoEmisionRepository
src/osiris/modules/common/punto_emision/repository.py:6: in <module>
    from osiris.domain.repository import BaseRepository
src/osiris/domain/repository.py:12: in <module>
    from osiris.core.db import SOFT_DELETE_INCLUDE_INACTIVE_OPTION
src/osiris/core/db.py:27: in <module>
    engine = get_engine()
src/osiris/core/db.py:18: in get_engine
    engine = create_engine(
/home/jules/.cache/pypoetry/virtualenvs/osiris-be-9TtSrW0h-py3.10/lib/python3.10/site-packages/sqlalchemy/util/deprecations.py:281: in warned
    return fn(*args, **kwargs)  # type: ignore[no-any-return]
/home/jules/.cache/pypoetry/virtualenvs/osiris-be-9TtSrW0h-py3.10/lib/python3.10/site-packages/sqlalchemy/engine/create.py:617: in create_engine
    dbapi = dbapi_meth(**dbapi_args)
/home/jules/.cache/pypoetry/virtualenvs/osiris-be-9TtSrW0h-py3.10/lib/python3.10/site-packages/sqlalchemy/dialects/postgresql/psycopg.py:494: in import_dbapi
    import psycopg
/home/jules/.cache/pypoetry/virtualenvs/osiris-be-9TtSrW0h-py3.10/lib/python3.10/site-packages/psycopg/__init__.py:9: in <module>
    from . import pq  # noqa: F401 import early to stabilize side effects
/home/jules/.cache/pypoetry/virtualenvs/osiris-be-9TtSrW0h-py3.10/lib/python3.10/site-packages/psycopg/pq/__init__.py:114: in <module>
    import_from_libpq()
/home/jules/.cache/pypoetry/virtualenvs/osiris-be-9TtSrW0h-py3.10/lib/python3.10/site-packages/psycopg/pq/__init__.py:108: in import_from_libpq
    raise ImportError(f"""\
E   ImportError: no pq wrapper available.
E   Attempts made:
E   - couldn't import psycopg 'c' implementation: No module named 'psycopg_c'
E   - couldn't import psycopg 'binary' implementation: No module named 'psycopg_binary'
E   - couldn't import psycopg 'python' implementation: libpq library not found
__________ ERROR collecting tests/test_venta_emision_orquestacion.py ___________
ImportError while importing test module '/app/tests/test_venta_emision_orquestacion.py'.
Hint: make sure your test modules/packages have valid Python names.
Traceback:
/home/jules/.pyenv/versions/3.10.19/lib/python3.10/importlib/__init__.py:126: in import_module
    return _bootstrap._gcd_import(name[level:], package, level)
tests/test_venta_emision_orquestacion.py:26: in <module>
    from osiris.modules.ventas.services.venta_service import VentaService
src/osiris/modules/ventas/services/venta_service.py:13: in <module>
    from osiris.modules.common.punto_emision.service import PuntoEmisionService
src/osiris/modules/common/punto_emision/service.py:13: in <module>
    from .repository import PuntoEmisionRepository
src/osiris/modules/common/punto_emision/repository.py:6: in <module>
    from osiris.domain.repository import BaseRepository
src/osiris/domain/repository.py:12: in <module>
    from osiris.core.db import SOFT_DELETE_INCLUDE_INACTIVE_OPTION
src/osiris/core/db.py:27: in <module>
    engine = get_engine()
src/osiris/core/db.py:18: in get_engine
    engine = create_engine(
/home/jules/.cache/pypoetry/virtualenvs/osiris-be-9TtSrW0h-py3.10/lib/python3.10/site-packages/sqlalchemy/util/deprecations.py:281: in warned
    return fn(*args, **kwargs)  # type: ignore[no-any-return]
/home/jules/.cache/pypoetry/virtualenvs/osiris-be-9TtSrW0h-py3.10/lib/python3.10/site-packages/sqlalchemy/engine/create.py:617: in create_engine
    dbapi = dbapi_meth(**dbapi_args)
/home/jules/.cache/pypoetry/virtualenvs/osiris-be-9TtSrW0h-py3.10/lib/python3.10/site-packages/sqlalchemy/dialects/postgresql/psycopg.py:494: in import_dbapi
    import psycopg
/home/jules/.cache/pypoetry/virtualenvs/osiris-be-9TtSrW0h-py3.10/lib/python3.10/site-packages/psycopg/__init__.py:9: in <module>
    from . import pq  # noqa: F401 import early to stabilize side effects
/home/jules/.cache/pypoetry/virtualenvs/osiris-be-9TtSrW0h-py3.10/lib/python3.10/site-packages/psycopg/pq/__init__.py:114: in <module>
    import_from_libpq()
/home/jules/.cache/pypoetry/virtualenvs/osiris-be-9TtSrW0h-py3.10/lib/python3.10/site-packages/psycopg/pq/__init__.py:108: in import_from_libpq
    raise ImportError(f"""\
E   ImportError: no pq wrapper available.
E   Attempts made:
E   - couldn't import psycopg 'c' implementation: No module named 'psycopg_c'
E   - couldn't import psycopg 'binary' implementation: No module named 'psycopg_binary'
E   - couldn't import psycopg 'python' implementation: libpq library not found
_________ ERROR collecting tests/test_venta_snapshot_inmutabilidad.py __________
ImportError while importing test module '/app/tests/test_venta_snapshot_inmutabilidad.py'.
Hint: make sure your test modules/packages have valid Python names.
Traceback:
/home/jules/.pyenv/versions/3.10.19/lib/python3.10/importlib/__init__.py:126: in import_module
    return _bootstrap._gcd_import(name[level:], package, level)
tests/test_venta_snapshot_inmutabilidad.py:9: in <module>
    from osiris.modules.ventas.services.venta_service import VentaService
src/osiris/modules/ventas/services/venta_service.py:13: in <module>
    from osiris.modules.common.punto_emision.service import PuntoEmisionService
src/osiris/modules/common/punto_emision/service.py:13: in <module>
    from .repository import PuntoEmisionRepository
src/osiris/modules/common/punto_emision/repository.py:6: in <module>
    from osiris.domain.repository import BaseRepository
src/osiris/domain/repository.py:12: in <module>
    from osiris.core.db import SOFT_DELETE_INCLUDE_INACTIVE_OPTION
src/osiris/core/db.py:27: in <module>
    engine = get_engine()
src/osiris/core/db.py:18: in get_engine
    engine = create_engine(
/home/jules/.cache/pypoetry/virtualenvs/osiris-be-9TtSrW0h-py3.10/lib/python3.10/site-packages/sqlalchemy/util/deprecations.py:281: in warned
    return fn(*args, **kwargs)  # type: ignore[no-any-return]
/home/jules/.cache/pypoetry/virtualenvs/osiris-be-9TtSrW0h-py3.10/lib/python3.10/site-packages/sqlalchemy/engine/create.py:617: in create_engine
    dbapi = dbapi_meth(**dbapi_args)
/home/jules/.cache/pypoetry/virtualenvs/osiris-be-9TtSrW0h-py3.10/lib/python3.10/site-packages/sqlalchemy/dialects/postgresql/psycopg.py:494: in import_dbapi
    import psycopg
/home/jules/.cache/pypoetry/virtualenvs/osiris-be-9TtSrW0h-py3.10/lib/python3.10/site-packages/psycopg/__init__.py:9: in <module>
    from . import pq  # noqa: F401 import early to stabilize side effects
/home/jules/.cache/pypoetry/virtualenvs/osiris-be-9TtSrW0h-py3.10/lib/python3.10/site-packages/psycopg/pq/__init__.py:114: in <module>
    import_from_libpq()
/home/jules/.cache/pypoetry/virtualenvs/osiris-be-9TtSrW0h-py3.10/lib/python3.10/site-packages/psycopg/pq/__init__.py:108: in import_from_libpq
    raise ImportError(f"""\
E   ImportError: no pq wrapper available.
E   Attempts made:
E   - couldn't import psycopg 'c' implementation: No module named 'psycopg_c'
E   - couldn't import psycopg 'binary' implementation: No module named 'psycopg_binary'
E   - couldn't import psycopg 'python' implementation: libpq library not found
____________ ERROR collecting tests/test_venta_sri_async_service.py ____________
ImportError while importing test module '/app/tests/test_venta_sri_async_service.py'.
Hint: make sure your test modules/packages have valid Python names.
Traceback:
/home/jules/.pyenv/versions/3.10.19/lib/python3.10/importlib/__init__.py:126: in import_module
    return _bootstrap._gcd_import(name[level:], package, level)
tests/test_venta_sri_async_service.py:31: in <module>
    from osiris.modules.sri.facturacion_electronica.services.venta_sri_async_service import VentaSriAsyncService
src/osiris/modules/sri/facturacion_electronica/services/venta_sri_async_service.py:13: in <module>
    from osiris.core.db import engine as default_engine
src/osiris/core/db.py:27: in <module>
    engine = get_engine()
src/osiris/core/db.py:18: in get_engine
    engine = create_engine(
/home/jules/.cache/pypoetry/virtualenvs/osiris-be-9TtSrW0h-py3.10/lib/python3.10/site-packages/sqlalchemy/util/deprecations.py:281: in warned
    return fn(*args, **kwargs)  # type: ignore[no-any-return]
/home/jules/.cache/pypoetry/virtualenvs/osiris-be-9TtSrW0h-py3.10/lib/python3.10/site-packages/sqlalchemy/engine/create.py:617: in create_engine
    dbapi = dbapi_meth(**dbapi_args)
/home/jules/.cache/pypoetry/virtualenvs/osiris-be-9TtSrW0h-py3.10/lib/python3.10/site-packages/sqlalchemy/dialects/postgresql/psycopg.py:494: in import_dbapi
    import psycopg
/home/jules/.cache/pypoetry/virtualenvs/osiris-be-9TtSrW0h-py3.10/lib/python3.10/site-packages/psycopg/__init__.py:9: in <module>
    from . import pq  # noqa: F401 import early to stabilize side effects
/home/jules/.cache/pypoetry/virtualenvs/osiris-be-9TtSrW0h-py3.10/lib/python3.10/site-packages/psycopg/pq/__init__.py:114: in <module>
    import_from_libpq()
/home/jules/.cache/pypoetry/virtualenvs/osiris-be-9TtSrW0h-py3.10/lib/python3.10/site-packages/psycopg/pq/__init__.py:108: in import_from_libpq
    raise ImportError(f"""\
E   ImportError: no pq wrapper available.
E   Attempts made:
E   - couldn't import psycopg 'c' implementation: No module named 'psycopg_c'
E   - couldn't import psycopg 'binary' implementation: No module named 'psycopg_binary'
E   - couldn't import psycopg 'python' implementation: libpq library not found
=========================== short test summary info ============================
ERROR tests/smoke - ImportError: no pq wrapper available.
ERROR tests/test_atributo.py
ERROR tests/test_audit_log.py
ERROR tests/test_auditoria_base.py
ERROR tests/test_casa_comercial.py
ERROR tests/test_categoria.py
ERROR tests/test_categoria_service.py
ERROR tests/test_cliente.py
ERROR tests/test_detect_cycle.py
ERROR tests/test_documento_descarga_api.py
ERROR tests/test_empleado.py
ERROR tests/test_empresa.py
ERROR tests/test_facturacion_inventario_orquestacion.py
ERROR tests/test_facturacion_router.py
ERROR tests/test_impresion_preimpresa_api.py
ERROR tests/test_impresion_reimpresion_api.py
ERROR tests/test_impresion_ride_a4_api.py
ERROR tests/test_impresion_ticket_termico_api.py
ERROR tests/test_impuesto_catalogo.py
ERROR tests/test_inventario_ajuste_api.py
ERROR tests/test_inventario_valoracion_router.py
ERROR tests/test_modulo.py
ERROR tests/test_orquestador_fe_service.py
ERROR tests/test_persona.py
ERROR tests/test_postgres_driver_integration.py
ERROR tests/test_producto.py
ERROR tests/test_producto_bodega.py
ERROR tests/test_producto_impuesto.py
ERROR tests/test_proveedor_persona.py
ERROR tests/test_proveedor_sociedad.py
ERROR tests/test_punto_emision.py
ERROR tests/test_reporte_caja_api.py
ERROR tests/test_reporte_cartera_api.py
ERROR tests/test_reporte_compras_api.py
ERROR tests/test_reporte_inventario_kardex_api.py
ERROR tests/test_reporte_inventario_valoracion_api.py
ERROR tests/test_reporte_monitor_sri_api.py
ERROR tests/test_reporte_tributario_api.py
ERROR tests/test_reportes_multi_sucursal_api.py
ERROR tests/test_reportes_rentabilidad_api.py
ERROR tests/test_reportes_ventas_api.py
ERROR tests/test_retencion_cxp_flujo.py
ERROR tests/test_retencion_recibida.py
ERROR tests/test_retencion_recibida_cxc.py
ERROR tests/test_retencion_service.py
ERROR tests/test_rol.py
ERROR tests/test_rol_modulo_permiso.py
ERROR tests/test_security_access_audit.py
ERROR tests/test_sri_async_service.py
ERROR tests/test_sucursal.py
ERROR tests/test_tipo_cliente.py
ERROR tests/test_usuario.py
ERROR tests/test_venta_core_e6.py
ERROR tests/test_venta_emision_orquestacion.py
ERROR tests/test_venta_snapshot_inmutabilidad.py
ERROR tests/test_venta_sri_async_service.py
!!!!!!!!!!!!!!!!!!! Interrupted: 56 errors during collection !!!!!!!!!!!!!!!!!!!
============================== 56 errors in 6.19s ==============================
